
running :: Process count = 8
================================================================================================================================================================================
running :: process count = 8 problem size = 24
-------------------------------------------------    running :: process count = 8 problem size = 24 iteration = 1   --------------------------------------------------
/users/btech/akashish/UGP/experiment/miniFE.x -nx 24 -ny 24 -nz 24

Selected Improved Algo hosts are
csews21:4
csews27:4
MPI PROGRAM :: Total Time : 343

Selected Algo hosts are
csews27:4
csews13:4
MPI PROGRAM :: Total Time : 357

Selected min compute load hosts are
csews27
csews21
MPI PROGRAM MIN COMPUTE LOAD :: Total Time : 333

Randomly Selected hosts are
csews3
csews4
MPI PROGRAM RANDOM :: Total Time : 348

Random sequence Selected hosts are
csews30
csews31
MPI PROGRAM Sequence  :: Total Time : 935
----------------------------------------------------------- ------------------------------------------------------------------------------------------------------------
-------------------------------------------------    running :: process count = 8 problem size = 24 iteration = 2   --------------------------------------------------
/users/btech/akashish/UGP/experiment/miniFE.x -nx 24 -ny 24 -nz 24

Selected Improved Algo hosts are
csews21:4
csews27:4
MPI PROGRAM :: Total Time : 379

Selected Algo hosts are
csews27:4
csews13:4
MPI PROGRAM :: Total Time : 427

Selected min compute load hosts are
csews27
csews21
MPI PROGRAM MIN COMPUTE LOAD :: Total Time : 474

Randomly Selected hosts are
csews14
csews25
MPI PROGRAM RANDOM :: Total Time : 1487

Random sequence Selected hosts are
csews17
csews18
MPI PROGRAM Sequence  :: Total Time : 376
----------------------------------------------------------- ------------------------------------------------------------------------------------------------------------
-------------------------------------------------    running :: process count = 8 problem size = 24 iteration = 3   --------------------------------------------------
/users/btech/akashish/UGP/experiment/miniFE.x -nx 24 -ny 24 -nz 24

Selected Improved Algo hosts are
csews21:4
csews27:4
MPI PROGRAM :: Total Time : 331

Selected Algo hosts are
csews14:4
csews6:4
MPI PROGRAM :: Total Time : 333

Selected min compute load hosts are
csews27
csews21
MPI PROGRAM MIN COMPUTE LOAD :: Total Time : 325

Randomly Selected hosts are
csews7
csews14
MPI PROGRAM RANDOM :: Total Time : 359

Random sequence Selected hosts are
csews30
csews31
MPI PROGRAM Sequence  :: Total Time : 877
----------------------------------------------------------- ------------------------------------------------------------------------------------------------------------
+++++++++++++++++++++++++++++++++++++++++++++++++++++++++++++++++++++++++++++++++++++++++++++++++++++++++++++++++++++++++++++++++++++++++++++++++++++++++++++++++++++++++++++++++
================================================================================================================================================================================
running :: process count = 8 problem size = 48
-------------------------------------------------    running :: process count = 8 problem size = 48 iteration = 1   --------------------------------------------------
/users/btech/akashish/UGP/experiment/miniFE.x -nx 48 -ny 48 -nz 48

Selected Improved Algo hosts are
csews21:4
csews27:4
MPI PROGRAM :: Total Time : 545

Selected Algo hosts are
csews14:4
csews6:4
MPI PROGRAM :: Total Time : 550

Selected min compute load hosts are
csews27
csews21
MPI PROGRAM MIN COMPUTE LOAD :: Total Time : 540

Randomly Selected hosts are
csews32
csews12
MPI PROGRAM RANDOM :: Total Time : 676

Random sequence Selected hosts are
csews17
csews18
MPI PROGRAM Sequence  :: Total Time : 680
----------------------------------------------------------- ------------------------------------------------------------------------------------------------------------
-------------------------------------------------    running :: process count = 8 problem size = 48 iteration = 2   --------------------------------------------------
/users/btech/akashish/UGP/experiment/miniFE.x -nx 48 -ny 48 -nz 48

Selected Improved Algo hosts are
csews6:4
csews11:4
MPI PROGRAM :: Total Time : 571

Selected Algo hosts are
csews14:4
csews6:4
MPI PROGRAM :: Total Time : 556

Selected min compute load hosts are
csews11
csews6
MPI PROGRAM MIN COMPUTE LOAD :: Total Time : 546

Randomly Selected hosts are
csews19
csews21
MPI PROGRAM RANDOM :: Total Time : 567

Random sequence Selected hosts are
csews3
csews4
MPI PROGRAM Sequence  :: Total Time : 547
----------------------------------------------------------- ------------------------------------------------------------------------------------------------------------
-------------------------------------------------    running :: process count = 8 problem size = 48 iteration = 3   --------------------------------------------------
/users/btech/akashish/UGP/experiment/miniFE.x -nx 48 -ny 48 -nz 48

Selected Improved Algo hosts are
csews6:4
csews11:4
MPI PROGRAM :: Total Time : 538

Selected Algo hosts are
csews14:4
csews6:4
MPI PROGRAM :: Total Time : 542

Selected min compute load hosts are
csews11
csews6
MPI PROGRAM MIN COMPUTE LOAD :: Total Time : 596

Randomly Selected hosts are
csews7
csews3
MPI PROGRAM RANDOM :: Total Time : 559

Random sequence Selected hosts are
csews13
csews14
MPI PROGRAM Sequence  :: Total Time : 1620
----------------------------------------------------------- ------------------------------------------------------------------------------------------------------------
+++++++++++++++++++++++++++++++++++++++++++++++++++++++++++++++++++++++++++++++++++++++++++++++++++++++++++++++++++++++++++++++++++++++++++++++++++++++++++++++++++++++++++++++++
================================================================================================================================================================================
running :: process count = 8 problem size = 96
-------------------------------------------------    running :: process count = 8 problem size = 96 iteration = 1   --------------------------------------------------
/users/btech/akashish/UGP/experiment/miniFE.x -nx 96 -ny 96 -nz 96

Selected Improved Algo hosts are
csews21:4
csews27:4
MPI PROGRAM :: Total Time : 3009

Selected Algo hosts are
csews27:4
csews13:4
MPI PROGRAM :: Total Time : 2963

Selected min compute load hosts are
csews27
csews14
MPI PROGRAM MIN COMPUTE LOAD :: Total Time : 3557

Randomly Selected hosts are
csews4
csews20
MPI PROGRAM RANDOM :: Total Time : 4702

Random sequence Selected hosts are
csews23
csews24
MPI PROGRAM Sequence  :: Total Time : 3400
----------------------------------------------------------- ------------------------------------------------------------------------------------------------------------
-------------------------------------------------    running :: process count = 8 problem size = 96 iteration = 2   --------------------------------------------------
/users/btech/akashish/UGP/experiment/miniFE.x -nx 96 -ny 96 -nz 96

Selected Improved Algo hosts are
csews6:4
csews11:4
MPI PROGRAM :: Total Time : 3059

Selected Algo hosts are
csews11:4
csews3:4
MPI PROGRAM :: Total Time : 3034

Selected min compute load hosts are
csews11
csews6
MPI PROGRAM MIN COMPUTE LOAD :: Total Time : 2886

Randomly Selected hosts are
csews1
csews18
MPI PROGRAM RANDOM :: Total Time : 5193

Random sequence Selected hosts are
csews4
csews6
MPI PROGRAM Sequence  :: Total Time : 3376
----------------------------------------------------------- ------------------------------------------------------------------------------------------------------------
-------------------------------------------------    running :: process count = 8 problem size = 96 iteration = 3   --------------------------------------------------
/users/btech/akashish/UGP/experiment/miniFE.x -nx 96 -ny 96 -nz 96

Selected Improved Algo hosts are
csews21:4
csews27:4
MPI PROGRAM :: Total Time : 2837

Selected Algo hosts are
csews21:4
csews13:4
MPI PROGRAM :: Total Time : 2914

Selected min compute load hosts are
csews21
csews14
MPI PROGRAM MIN COMPUTE LOAD :: Total Time : 11566

Randomly Selected hosts are
csews24
csews26
MPI PROGRAM RANDOM :: Total Time : 3435

Random sequence Selected hosts are
csews13
csews14
MPI PROGRAM Sequence  :: Total Time : 5590
----------------------------------------------------------- ------------------------------------------------------------------------------------------------------------
+++++++++++++++++++++++++++++++++++++++++++++++++++++++++++++++++++++++++++++++++++++++++++++++++++++++++++++++++++++++++++++++++++++++++++++++++++++++++++++++++++++++++++++++++
================================================================================================================================================================================
running :: process count = 8 problem size = 144
-------------------------------------------------    running :: process count = 8 problem size = 144 iteration = 1   --------------------------------------------------
/users/btech/akashish/UGP/experiment/miniFE.x -nx 144 -ny 144 -nz 144

Selected Improved Algo hosts are
csews19:4
csews27:4
MPI PROGRAM :: Total Time : 9195

Selected Algo hosts are
csews27:4
csews13:4
MPI PROGRAM :: Total Time : 9344

Selected min compute load hosts are
csews27
csews3
MPI PROGRAM MIN COMPUTE LOAD :: Total Time : 13091

Randomly Selected hosts are
csews3
csews31
MPI PROGRAM RANDOM :: Total Time : 14176

Random sequence Selected hosts are
csews28
csews29
MPI PROGRAM Sequence  :: Total Time : 13990
----------------------------------------------------------- ------------------------------------------------------------------------------------------------------------
-------------------------------------------------    running :: process count = 8 problem size = 144 iteration = 2   --------------------------------------------------
/users/btech/akashish/UGP/experiment/miniFE.x -nx 144 -ny 144 -nz 144

Selected Improved Algo hosts are
csews21:4
csews23:4
MPI PROGRAM :: Total Time : 9777

Selected Algo hosts are
csews14:4
csews1:4
MPI PROGRAM :: Total Time : 9611

Selected min compute load hosts are
csews21
csews14
MPI PROGRAM MIN COMPUTE LOAD :: Total Time : 14145

Randomly Selected hosts are
csews11
csews4
MPI PROGRAM RANDOM :: Total Time : 10823

Random sequence Selected hosts are
csews6
csews7
MPI PROGRAM Sequence  :: Total Time : 10858
----------------------------------------------------------- ------------------------------------------------------------------------------------------------------------
-------------------------------------------------    running :: process count = 8 problem size = 144 iteration = 3   --------------------------------------------------
/users/btech/akashish/UGP/experiment/miniFE.x -nx 144 -ny 144 -nz 144

Selected Improved Algo hosts are
csews17:4
csews27:4
MPI PROGRAM :: Total Time : 9274

Selected Algo hosts are
csews17:4
csews27:4
MPI PROGRAM :: Total Time : 10398

Selected min compute load hosts are
csews27
csews19
MPI PROGRAM MIN COMPUTE LOAD :: Total Time : 10774

Randomly Selected hosts are
csews11
csews23
MPI PROGRAM RANDOM :: Total Time : 21761

Random sequence Selected hosts are
csews14
csews17
MPI PROGRAM Sequence  :: Total Time : 14621
----------------------------------------------------------- ------------------------------------------------------------------------------------------------------------
+++++++++++++++++++++++++++++++++++++++++++++++++++++++++++++++++++++++++++++++++++++++++++++++++++++++++++++++++++++++++++++++++++++++++++++++++++++++++++++++++++++++++++++++++
================================================================================================================================================================================
running :: process count = 8 problem size = 256
-------------------------------------------------    running :: process count = 8 problem size = 256 iteration = 1   --------------------------------------------------
/users/btech/akashish/UGP/experiment/miniFE.x -nx 256 -ny 256 -nz 256

Selected Improved Algo hosts are
csews1:4
csews3:4
MPI PROGRAM :: Total Time : 52204

Selected Algo hosts are
csews1:4
csews3:4
MPI PROGRAM :: Total Time : 59367

Selected min compute load hosts are
csews31
csews3
MPI PROGRAM MIN COMPUTE LOAD :: Total Time : 64068

Randomly Selected hosts are
csews14
csews29
MPI PROGRAM RANDOM :: Total Time : 74028

Random sequence Selected hosts are
csews21
csews22
MPI PROGRAM Sequence  :: Total Time : 60942
----------------------------------------------------------- ------------------------------------------------------------------------------------------------------------
-------------------------------------------------    running :: process count = 8 problem size = 256 iteration = 2   --------------------------------------------------
/users/btech/akashish/UGP/experiment/miniFE.x -nx 256 -ny 256 -nz 256

Selected Improved Algo hosts are
csews32:4
csews17:4
MPI PROGRAM :: Total Time : 52175

Selected Algo hosts are
csews17:4
csews32:4
MPI PROGRAM :: Total Time : 52575

Selected min compute load hosts are
csews23
csews17
MPI PROGRAM MIN COMPUTE LOAD :: Total Time : 59483

Randomly Selected hosts are
csews17
csews29
MPI PROGRAM RANDOM :: Total Time : 68373

Random sequence Selected hosts are
csews20
csews21
MPI PROGRAM Sequence  :: Total Time : 53154
----------------------------------------------------------- ------------------------------------------------------------------------------------------------------------
-------------------------------------------------    running :: process count = 8 problem size = 256 iteration = 3   --------------------------------------------------
/users/btech/akashish/UGP/experiment/miniFE.x -nx 256 -ny 256 -nz 256

Selected Improved Algo hosts are
csews18:4
csews23:4
MPI PROGRAM :: Total Time : 52439

Selected Algo hosts are
csews23:4
csews18:4
MPI PROGRAM :: Total Time : 52658

Selected min compute load hosts are
csews12
csews19
MPI PROGRAM MIN COMPUTE LOAD :: Total Time : 57161

Randomly Selected hosts are
csews10
csews11
MPI PROGRAM RANDOM :: Total Time : 58434

Random sequence Selected hosts are
csews4
csews6
MPI PROGRAM Sequence  :: Total Time : 60066
----------------------------------------------------------- ------------------------------------------------------------------------------------------------------------
+++++++++++++++++++++++++++++++++++++++++++++++++++++++++++++++++++++++++++++++++++++++++++++++++++++++++++++++++++++++++++++++++++++++++++++++++++++++++++++++++++++++++++++++++
running :: Process count = 16
================================================================================================================================================================================
running :: process count = 16 problem size = 24
-------------------------------------------------    running :: process count = 16 problem size = 24 iteration = 1   --------------------------------------------------
/users/btech/akashish/UGP/experiment/miniFE.x -nx 24 -ny 24 -nz 24

Selected Improved Algo hosts are
csews30:4
csews21:4
csews26:4
csews19:4
MPI PROGRAM :: Total Time : 429

Selected Algo hosts are
csews23:4
csews30:4
csews21:4
csews19:4
MPI PROGRAM :: Total Time : 413

Selected min compute load hosts are
csews14
csews21
csews26
csews17
MPI PROGRAM MIN COMPUTE LOAD :: Total Time : 1676

Randomly Selected hosts are
csews3
csews30
csews31
csews20
MPI PROGRAM RANDOM :: Total Time : 531

Random sequence Selected hosts are
csews10
csews11
csews12
csews13
MPI PROGRAM Sequence  :: Total Time : 558
----------------------------------------------------------- ------------------------------------------------------------------------------------------------------------
-------------------------------------------------    running :: process count = 16 problem size = 24 iteration = 2   --------------------------------------------------
/users/btech/akashish/UGP/experiment/miniFE.x -nx 24 -ny 24 -nz 24

Selected Improved Algo hosts are
csews30:4
csews21:4
csews26:4
csews19:4
MPI PROGRAM :: Total Time : 360

Selected Algo hosts are
csews23:4
csews30:4
csews21:4
csews19:4
MPI PROGRAM :: Total Time : 403

Selected min compute load hosts are
csews14
csews21
csews17
csews19
MPI PROGRAM MIN COMPUTE LOAD :: Total Time : 367

Randomly Selected hosts are
csews7
csews26
csews21
csews2
MPI PROGRAM RANDOM :: Total Time : 418

Random sequence Selected hosts are
csews11
csews12
csews13
csews14
MPI PROGRAM Sequence  :: Total Time : 416
----------------------------------------------------------- ------------------------------------------------------------------------------------------------------------
-------------------------------------------------    running :: process count = 16 problem size = 24 iteration = 3   --------------------------------------------------
/users/btech/akashish/UGP/experiment/miniFE.x -nx 24 -ny 24 -nz 24

Selected Improved Algo hosts are
csews30:4
csews21:4
csews26:4
csews19:4
MPI PROGRAM :: Total Time : 364

Selected Algo hosts are
csews23:4
csews30:4
csews21:4
csews19:4
MPI PROGRAM :: Total Time : 539

Selected min compute load hosts are
csews14
csews21
csews17
csews19
MPI PROGRAM MIN COMPUTE LOAD :: Total Time : 369

Randomly Selected hosts are
csews10
csews20
csews32
csews21
MPI PROGRAM RANDOM :: Total Time : 811

Random sequence Selected hosts are
csews14
csews17
csews18
csews19
MPI PROGRAM Sequence  :: Total Time : 423
----------------------------------------------------------- ------------------------------------------------------------------------------------------------------------
+++++++++++++++++++++++++++++++++++++++++++++++++++++++++++++++++++++++++++++++++++++++++++++++++++++++++++++++++++++++++++++++++++++++++++++++++++++++++++++++++++++++++++++++++
================================================================================================================================================================================
running :: process count = 16 problem size = 48
-------------------------------------------------    running :: process count = 16 problem size = 48 iteration = 1   --------------------------------------------------
/users/btech/akashish/UGP/experiment/miniFE.x -nx 48 -ny 48 -nz 48

Selected Improved Algo hosts are
csews30:4
csews21:4
csews19:4
csews17:4
MPI PROGRAM :: Total Time : 548

Selected Algo hosts are
csews23:4
csews30:4
csews21:4
csews19:4
MPI PROGRAM :: Total Time : 590

Selected min compute load hosts are
csews14
csews21
csews17
csews19
MPI PROGRAM MIN COMPUTE LOAD :: Total Time : 1272

Randomly Selected hosts are
csews14
csews23
csews17
csews20
MPI PROGRAM RANDOM :: Total Time : 580

Random sequence Selected hosts are
csews11
csews12
csews13
csews14
MPI PROGRAM Sequence  :: Total Time : 1347
----------------------------------------------------------- ------------------------------------------------------------------------------------------------------------
-------------------------------------------------    running :: process count = 16 problem size = 48 iteration = 2   --------------------------------------------------
/users/btech/akashish/UGP/experiment/miniFE.x -nx 48 -ny 48 -nz 48

Selected Improved Algo hosts are
csews17:4
csews19:4
csews21:4
csews26:4
MPI PROGRAM :: Total Time : 533

Selected Algo hosts are
csews23:4
csews30:4
csews21:4
csews19:4
MPI PROGRAM :: Total Time : 809

Selected min compute load hosts are
csews14
csews21
csews7
csews17
MPI PROGRAM MIN COMPUTE LOAD :: Total Time : 549

Randomly Selected hosts are
csews28
csews22
csews32
csews17
MPI PROGRAM RANDOM :: Total Time : 1146

Random sequence Selected hosts are
csews28
csews29
csews30
csews31
MPI PROGRAM Sequence  :: Total Time : 4702
----------------------------------------------------------- ------------------------------------------------------------------------------------------------------------
-------------------------------------------------    running :: process count = 16 problem size = 48 iteration = 3   --------------------------------------------------
/users/btech/akashish/UGP/experiment/miniFE.x -nx 48 -ny 48 -nz 48

Selected Improved Algo hosts are
csews17:4
csews19:4
csews21:4
csews26:4
MPI PROGRAM :: Total Time : 581

Selected Algo hosts are
csews23:4
csews30:4
csews21:4
csews19:4
MPI PROGRAM :: Total Time : 591

Selected min compute load hosts are
csews26
csews21
csews17
csews7
MPI PROGRAM MIN COMPUTE LOAD :: Total Time : 746

Randomly Selected hosts are
csews26
csews18
csews20
csews17
MPI PROGRAM RANDOM :: Total Time : 591

Random sequence Selected hosts are
csews24
csews25
csews26
csews27
MPI PROGRAM Sequence  :: Total Time : 854
----------------------------------------------------------- ------------------------------------------------------------------------------------------------------------
+++++++++++++++++++++++++++++++++++++++++++++++++++++++++++++++++++++++++++++++++++++++++++++++++++++++++++++++++++++++++++++++++++++++++++++++++++++++++++++++++++++++++++++++++
================================================================================================================================================================================
running :: process count = 16 problem size = 96
-------------------------------------------------    running :: process count = 16 problem size = 96 iteration = 1   --------------------------------------------------
/users/btech/akashish/UGP/experiment/miniFE.x -nx 96 -ny 96 -nz 96

Selected Improved Algo hosts are
csews17:4
csews19:4
csews21:4
csews26:4
MPI PROGRAM :: Total Time : 1720

Selected Algo hosts are
csews23:4
csews30:4
csews21:4
csews19:4
MPI PROGRAM :: Total Time : 1909

Selected min compute load hosts are
csews21
csews17
csews7
csews26
MPI PROGRAM MIN COMPUTE LOAD :: Total Time : 2676

Randomly Selected hosts are
csews28
csews24
csews20
csews32
MPI PROGRAM RANDOM :: Total Time : 1942

Random sequence Selected hosts are
csews21
csews22
csews23
csews24
MPI PROGRAM Sequence  :: Total Time : 2348
----------------------------------------------------------- ------------------------------------------------------------------------------------------------------------
-------------------------------------------------    running :: process count = 16 problem size = 96 iteration = 2   --------------------------------------------------
/users/btech/akashish/UGP/experiment/miniFE.x -nx 96 -ny 96 -nz 96

Selected Improved Algo hosts are
csews21:4
csews26:4
csews19:4
csews17:4
MPI PROGRAM :: Total Time : 1711

Selected Algo hosts are
csews23:4
csews30:4
csews21:4
csews19:4
MPI PROGRAM :: Total Time : 2083

Selected min compute load hosts are
csews14
csews24
csews7
csews19
MPI PROGRAM MIN COMPUTE LOAD :: Total Time : 1942

Randomly Selected hosts are
csews2
csews25
csews28
csews30
MPI PROGRAM RANDOM :: Total Time : 3500

Random sequence Selected hosts are
csews19
csews20
csews21
csews22
MPI PROGRAM Sequence  :: Total Time : 2358
----------------------------------------------------------- ------------------------------------------------------------------------------------------------------------
-------------------------------------------------    running :: process count = 16 problem size = 96 iteration = 3   --------------------------------------------------
/users/btech/akashish/UGP/experiment/miniFE.x -nx 96 -ny 96 -nz 96

Selected Improved Algo hosts are
csews17:4
csews19:4
csews26:4
csews30:4
MPI PROGRAM :: Total Time : 1951

Selected Algo hosts are
csews19:4
csews17:4
csews30:4
csews21:4
MPI PROGRAM :: Total Time : 2106

Selected min compute load hosts are
csews14
csews31
csews4
csews26
MPI PROGRAM MIN COMPUTE LOAD :: Total Time : 3790

Randomly Selected hosts are
csews3
csews1
csews22
csews17
MPI PROGRAM RANDOM :: Total Time : 2983

Random sequence Selected hosts are
csews7
csews10
csews11
csews12
MPI PROGRAM Sequence  :: Total Time : 2230
----------------------------------------------------------- ------------------------------------------------------------------------------------------------------------
+++++++++++++++++++++++++++++++++++++++++++++++++++++++++++++++++++++++++++++++++++++++++++++++++++++++++++++++++++++++++++++++++++++++++++++++++++++++++++++++++++++++++++++++++
================================================================================================================================================================================
running :: process count = 16 problem size = 144
-------------------------------------------------    running :: process count = 16 problem size = 144 iteration = 1   --------------------------------------------------
/users/btech/akashish/UGP/experiment/miniFE.x -nx 144 -ny 144 -nz 144

Selected Improved Algo hosts are
csews17:4
csews24:4
csews21:4
csews19:4
MPI PROGRAM :: Total Time : 5297

Selected Algo hosts are
csews19:4
csews17:4
csews30:4
csews21:4
MPI PROGRAM :: Total Time : 5504

Selected min compute load hosts are
csews14
csews4
csews7
csews11
MPI PROGRAM MIN COMPUTE LOAD :: Total Time : 5002

Randomly Selected hosts are
csews2
csews4
csews3
csews17
MPI PROGRAM RANDOM :: Total Time : 6580

Random sequence Selected hosts are
csews12
csews13
csews14
csews17
MPI PROGRAM Sequence  :: Total Time : 7296
----------------------------------------------------------- ------------------------------------------------------------------------------------------------------------
-------------------------------------------------    running :: process count = 16 problem size = 144 iteration = 2   --------------------------------------------------
/users/btech/akashish/UGP/experiment/miniFE.x -nx 144 -ny 144 -nz 144

Selected Improved Algo hosts are
csews4:4
csews11:4
csews7:4
csews10:4
MPI PROGRAM :: Total Time : 4993

Selected Algo hosts are
csews10:4
csews4:4
csews7:4
csews11:4
MPI PROGRAM :: Total Time : 5004

Selected min compute load hosts are
csews31
csews20
csews26
csews21
MPI PROGRAM MIN COMPUTE LOAD :: Total Time : 10557

Randomly Selected hosts are
csews32
csews29
csews26
csews25
MPI PROGRAM RANDOM :: Total Time : 17913

Random sequence Selected hosts are
csews4
csews6
csews7
csews10
MPI PROGRAM Sequence  :: Total Time : 6010
----------------------------------------------------------- ------------------------------------------------------------------------------------------------------------
-------------------------------------------------    running :: process count = 16 problem size = 144 iteration = 3   --------------------------------------------------
/users/btech/akashish/UGP/experiment/miniFE.x -nx 144 -ny 144 -nz 144

Selected Improved Algo hosts are
csews4:4
csews14:4
csews7:4
csews11:4
MPI PROGRAM :: Total Time : 5312

Selected Algo hosts are
csews21:4
csews24:4
csews17:4
csews28:4
MPI PROGRAM :: Total Time : 5671

Selected min compute load hosts are
csews14
csews19
csews21
csews22
MPI PROGRAM MIN COMPUTE LOAD :: Total Time : 34342

Randomly Selected hosts are
csews11
csews28
csews6
csews4
MPI PROGRAM RANDOM :: Total Time : 8615

Random sequence Selected hosts are
csews17
csews18
csews19
csews20
MPI PROGRAM Sequence  :: Total Time : 6208
----------------------------------------------------------- ------------------------------------------------------------------------------------------------------------
+++++++++++++++++++++++++++++++++++++++++++++++++++++++++++++++++++++++++++++++++++++++++++++++++++++++++++++++++++++++++++++++++++++++++++++++++++++++++++++++++++++++++++++++++
================================================================================================================================================================================
running :: process count = 16 problem size = 256
-------------------------------------------------    running :: process count = 16 problem size = 256 iteration = 1   --------------------------------------------------
/users/btech/akashish/UGP/experiment/miniFE.x -nx 256 -ny 256 -nz 256

Selected Improved Algo hosts are
csews1:4
csews7:4
csews4:4
csews11:4
MPI PROGRAM :: Total Time : 41343

Selected Algo hosts are
csews11:4
csews7:4
csews4:4
csews10:4
MPI PROGRAM :: Total Time : 28400

Selected min compute load hosts are
csews7
csews20
csews12
csews23
MPI PROGRAM MIN COMPUTE LOAD :: Total Time : 41724

Randomly Selected hosts are
csews22
csews2
csews10
csews4
MPI PROGRAM RANDOM :: Total Time : 36650

Random sequence Selected hosts are
csews23
csews24
csews25
csews26
MPI PROGRAM Sequence  :: Total Time : 28771
----------------------------------------------------------- ------------------------------------------------------------------------------------------------------------
-------------------------------------------------    running :: process count = 16 problem size = 256 iteration = 2   --------------------------------------------------
/users/btech/akashish/UGP/experiment/miniFE.x -nx 256 -ny 256 -nz 256

Selected Improved Algo hosts are
csews32:4
csews21:4
csews19:4
csews17:4
MPI PROGRAM :: Total Time : 27493

Selected Algo hosts are
csews19:4
csews17:4
csews27:4
csews21:4
MPI PROGRAM :: Total Time : 32681

Selected min compute load hosts are
csews21
csews19
csews11
csews6
MPI PROGRAM MIN COMPUTE LOAD :: Total Time : 31906

Randomly Selected hosts are
csews4
csews12
csews17
csews6
MPI PROGRAM RANDOM :: Total Time : 35900

Random sequence Selected hosts are
csews28
csews29
csews30
csews31
MPI PROGRAM Sequence  :: Total Time : 43999
----------------------------------------------------------- ------------------------------------------------------------------------------------------------------------
-------------------------------------------------    running :: process count = 16 problem size = 256 iteration = 3   --------------------------------------------------
/users/btech/akashish/UGP/experiment/miniFE.x -nx 256 -ny 256 -nz 256

Selected Improved Algo hosts are
csews30:4
csews23:4
csews26:4
csews32:4
MPI PROGRAM :: Total Time : 28855

Selected Algo hosts are
csews30:4
csews26:4
csews23:4
csews32:4
MPI PROGRAM :: Total Time : 28514

Selected min compute load hosts are
csews23
csews11
csews20
csews26
MPI PROGRAM MIN COMPUTE LOAD :: Total Time : 42274

Randomly Selected hosts are
csews24
csews19
csews7
csews17
MPI PROGRAM RANDOM :: Total Time : 34800

Random sequence Selected hosts are
csews6
csews7
csews10
csews11
MPI PROGRAM Sequence  :: Total Time : 28140
----------------------------------------------------------- ------------------------------------------------------------------------------------------------------------
+++++++++++++++++++++++++++++++++++++++++++++++++++++++++++++++++++++++++++++++++++++++++++++++++++++++++++++++++++++++++++++++++++++++++++++++++++++++++++++++++++++++++++++++++
