

======================================================================
proc count : 8 BINARY : /users/btech/akashish/UGP/allocator/miniAMR --num_refine 4 --max_blocks 9000 --npx 2 --npy 2 --npz 2 --nx 12 --ny 12 --nz 12 --num_objects 1 --object 2 0 -1.71 -1.71 -1.71 0.04 0.04 0.04 1.7 1.7 1.7 0.0 0.0 0.0 --num_tsteps 10 --checksum_freq 1
======================================================================
======================================================================
csews3 csews4 csews6 csews7 csews9 csews10 csews11 csews12 csews13 csews14 csews15 csews17 csews18 csews20 csews21 csews22 csews23 csews25 csews28 csews29 csews30 csews32 csews33 csews34 csews35 csews37 csews38 csews39 
Number of hosts: 28
done
Process and Cpu Count
 11,12 10,12 9,12 10,12 10,12 11,12 11,12 11,12 10,12 10,12 11,12 11,12 11,12 10,12 9,12 10,12 11,12 11,12 11,12 11,12 10,12 11,12 7,8 7,8 3,4 7,8 3,4 7,8 
MAX BW : 117Bandwidth Data :
csews3   0 117 14 117 12 13 12 12 93 11 13 100 99 103 97 103 99 90 96 107 101 94 89 86 57 13 43 19 
csews4   117 0 117 117 117 117 117 117 117 117 117 117 117 117 117 117 117 117 117 117 117 117 117 117 117 117 117 117 
csews6   14 117 0 117 12 11 12 13 76 11 13 92 98 98 101 103 96 105 103 109 104 102 59 91 89 64 64 65 
csews7   117 117 117 0 117 117 117 117 117 117 117 117 117 117 117 117 117 117 117 117 117 117 117 117 117 117 117 117 
csews9   12 117 12 117 0 11 13 12 56 11 11 85 102 93 101 104 98 96 99 108 99 99 93 95 89 85 53 43 
csews10   13 117 11 117 11 0 12 12 50 12 10 95 95 88 99 103 99 93 103 107 85 103 101 100 99 100 93 89 
csews11   12 117 12 117 13 12 0 12 79 12 11 76 93 96 91 103 101 101 97 108 99 103 102 102 102 87 98 100 
csews12   12 117 13 117 12 12 12 0 63 14 11 74 86 95 66 101 98 96 99 108 95 89 103 103 103 101 101 92 
csews13   93 117 76 117 56 50 79 63 0 67 82 12 14 16 13 102 12 11 13 107 13 13 68 97 79 68 68 93 
csews14   11 117 11 117 11 12 12 14 67 0 10 93 81 65 73 57 68 94 99 108 106 98 105 103 99 101 100 100 
csews15   13 117 13 117 11 10 11 11 82 10 0 41 73 83 70 87 93 70 69 108 93 95 109 101 101 102 103 95 
csews17   100 117 92 117 85 95 76 74 12 93 41 0 13 11 11 92 11 11 13 107 13 12 64 104 81 74 74 81 
csews18   99 117 98 117 102 95 93 86 14 81 73 13 0 11 10 25 12 11 11 106 10 11 103 64 76 100 97 77 
csews20   103 117 98 117 93 88 96 95 16 65 83 11 11 0 10 93 12 13 10 107 10 11 96 92 90 78 87 98 
csews21   97 117 101 117 101 99 91 66 13 73 70 11 10 10 0 50 11 11 13 107 11 13 89 104 95 89 61 89 
csews22   103 117 103 117 104 103 103 101 102 57 87 92 25 93 50 0 53 80 70 107 82 91 12 72 98 98 88 63 
csews23   99 117 96 117 98 99 101 98 12 68 93 11 12 12 11 53 0 11 10 106 12 12 66 100 86 95 98 83 
csews25   90 117 105 117 96 93 101 96 11 94 70 11 11 13 11 80 11 0 10 106 11 10 16 99 89 90 97 98 
csews28   96 117 103 117 99 103 97 99 13 99 69 13 11 10 13 70 10 10 0 106 10 14 97 85 84 94 28 96 
csews29   107 117 109 117 108 107 108 108 107 108 108 107 106 107 107 107 106 106 106 0 106 106 106 107 107 107 107 107 
csews30   101 117 104 117 99 85 99 95 13 106 93 13 10 10 11 82 12 11 10 106 0 12 67 72 82 80 60 15 
csews32   94 117 102 117 99 103 103 89 13 98 95 12 11 11 13 91 12 10 14 106 12 0 42 96 64 84 77 53 
csews33   89 117 59 117 93 101 102 103 68 105 109 64 103 96 89 12 66 16 97 106 67 42 0 12 13 12 13 15 
csews34   86 117 91 117 95 100 102 103 97 103 101 104 64 92 104 72 100 99 85 107 72 96 12 0 13 13 11 14 
csews35   57 117 89 117 89 99 102 103 79 99 101 81 76 90 95 98 86 89 84 107 82 64 13 13 0 14 17 13 
csews37   13 117 64 117 85 100 87 101 68 101 102 74 100 78 89 98 95 90 94 107 80 84 12 13 14 0 14 15 
csews38   43 117 64 117 53 93 98 101 68 100 103 74 97 87 61 88 98 97 28 107 60 77 13 11 17 14 0 14 
csews39   19 117 65 117 43 89 100 92 93 100 95 81 77 98 89 63 83 98 96 107 15 53 15 14 13 15 14 0 
Latency Data :
0 144 126 132 119 112 121 113 137 112 112 136 143 169 136 138 142 137 145 297 138 136 158 165 158 162 159 160 
144 0 113 127 132 113 113 114 137 113 115 144 147 159 168 136 139 136 143 295 172 136 155 160 164 159 163 164 
126 113 0 117 125 117 112 113 158 113 113 146 146 152 161 167 139 138 142 292 143 168 157 172 161 160 158 161 
132 127 117 0 113 129 116 118 147 119 117 161 153 154 156 146 170 140 144 281 149 135 168 162 166 160 170 164 
119 132 125 113 0 113 125 114 165 113 117 136 155 151 147 143 147 165 141 290 137 145 175 161 154 164 156 157 
112 113 117 129 113 0 112 129 148 128 129 156 150 177 151 145 137 144 164 292 165 148 160 164 161 164 163 165 
121 113 112 116 125 112 0 112 162 115 122 161 161 157 174 147 145 136 148 298 138 165 161 163 162 163 169 165 
113 114 113 118 114 129 112 0 155 128 118 157 154 163 169 166 150 137 142 298 166 138 168 167 158 163 162 161 
137 137 158 147 165 148 162 155 0 138 154 120 113 124 134 164 118 113 116 292 119 151 157 166 162 165 158 163 
112 113 113 119 113 128 115 128 138 0 113 156 144 144 158 159 163 144 141 291 137 146 169 159 169 161 162 161 
112 115 113 117 117 129 122 118 154 113 0 137 164 153 144 137 161 163 145 300 159 137 158 170 155 162 166 160 
136 144 146 161 136 156 161 157 120 156 137 0 113 125 114 136 114 119 122 270 123 122 158 165 168 159 167 170 
143 147 146 153 155 150 161 154 113 144 164 113 0 113 123 148 135 113 122 292 117 123 159 155 156 169 160 159 
169 159 152 154 151 177 157 163 124 144 153 125 113 0 120 162 122 137 119 292 118 119 167 161 157 160 154 160 
136 168 161 156 147 151 174 169 134 158 144 114 123 120 0 138 120 118 120 273 117 126 163 165 170 157 163 155 
138 136 167 146 143 145 147 166 164 159 137 136 148 162 138 0 158 163 156 293 164 154 161 159 160 155 156 159 
142 139 139 170 147 137 145 150 118 163 161 114 135 122 120 158 0 115 124 291 114 127 166 161 171 163 163 155 
137 136 138 140 165 144 136 137 113 144 163 119 113 137 118 163 115 0 113 276 112 112 170 168 154 167 164 158 
145 143 142 144 141 164 148 142 116 141 145 122 122 119 120 156 124 113 0 272 127 122 173 160 155 158 164 160 
297 295 292 281 290 292 298 298 292 291 300 270 292 292 273 293 291 276 272 0 294 289 300 295 313 311 299 391 
138 172 143 149 137 165 138 166 119 137 159 123 117 118 117 164 114 112 127 294 0 113 164 157 156 156 170 156 
136 136 168 135 145 148 165 138 151 146 137 122 123 119 126 154 127 112 122 289 113 0 161 166 173 159 164 157 
158 155 157 168 175 160 161 168 157 169 158 158 159 167 163 161 166 170 173 300 164 161 0 136 129 126 129 128 
165 160 172 162 161 164 163 167 166 159 170 165 155 161 165 159 161 168 160 295 157 166 136 0 109 130 127 133 
158 164 161 166 154 161 162 158 162 169 155 168 156 157 170 160 171 154 155 313 156 173 129 109 0 132 116 133 
162 159 160 160 164 164 163 163 165 161 162 159 169 160 157 155 163 167 158 311 156 159 126 130 132 0 109 116 
159 163 158 170 156 163 169 162 158 162 166 167 160 154 163 156 163 164 164 299 170 164 129 127 116 109 0 132 
160 164 161 164 157 165 165 161 163 161 160 170 159 160 155 159 155 158 160 391 156 157 128 133 133 116 132 0 
Topology Data :
0 155 0 0 140 136 0 0 175 0 128 137 0 175 159 154 162 169 135 299 0 179 0 190 190 161 0 0 
193 0 194 0 172 180 0 179 226 0 192 223 0 242 233 259 218 216 218 541 0 238 0 239 252 234 0 0 
128 167 0 0 132 132 0 141 235 0 145 176 0 178 164 192 182 171 155 679 0 182 0 183 171 196 0 0 
0 0 0 0 0 0 0 0 0 0 0 0 0 0 0 0 0 0 0 0 0 0 0 0 0 0 0 0 
127 149 131 0 0 122 0 123 168 0 125 159 0 169 151 152 167 151 152 471 0 160 0 162 160 162 0 0 
137 191 163 0 123 0 0 135 166 0 135 164 0 183 189 160 162 185 149 373 0 167 0 170 170 178 0 0 
0 0 0 0 0 0 0 0 0 0 0 0 0 0 0 0 0 0 0 0 0 0 0 0 0 0 0 0 
0 0 0 0 0 0 0 0 0 0 0 0 0 0 0 0 0 0 0 0 0 0 0 0 0 0 0 0 
163 226 173 0 155 158 0 239 0 0 157 118 0 143 134 169 120 134 121 420 0 141 0 165 161 169 0 0 
0 0 0 0 0 0 0 0 0 0 0 0 0 0 0 0 0 0 0 0 0 0 0 0 0 0 0 0 
138 164 140 0 129 142 0 140 201 0 0 168 0 171 166 168 168 181 169 435 0 185 0 192 174 174 0 0 
149 259 169 0 154 155 0 158 125 0 152 0 0 127 124 153 112 122 112 531 0 132 0 163 160 163 0 0 
0 0 0 0 0 0 0 0 0 0 0 0 0 0 0 0 0 0 0 0 0 0 0 0 0 0 0 0 
163 213 176 0 163 167 0 164 143 0 167 125 0 0 134 163 122 136 124 569 0 141 0 173 180 181 0 0 
165 200 218 0 150 164 0 157 139 0 174 130 0 136 0 163 125 134 131 614 0 145 0 172 165 180 0 0 
162 213 171 0 154 170 0 178 182 0 164 157 0 168 168 0 155 161 164 381 0 172 0 175 169 174 0 0 
151 200 161 0 145 151 0 162 125 0 163 114 0 128 127 156 0 129 117 434 0 128 0 167 163 165 0 0 
154 196 183 0 167 176 0 161 138 0 180 125 0 146 130 170 119 0 131 427 0 138 0 171 169 174 0 0 
150 191 184 0 143 158 0 174 124 0 148 112 0 134 125 151 114 125 0 644 0 125 0 170 158 158 0 0 
338 730 639 0 631 463 0 550 350 0 364 463 0 571 341 564 402 507 341 0 0 463 0 620 423 428 0 0 
0 0 0 0 0 0 0 0 0 0 0 0 0 0 0 0 0 0 0 0 0 0 0 0 0 0 0 0 
148 241 176 0 196 228 0 170 150 0 210 133 0 145 142 176 147 152 138 451 0 0 0 180 184 191 0 0 
0 0 0 0 0 0 0 0 0 0 0 0 0 0 0 0 0 0 0 0 0 0 0 0 0 0 0 0 
169 236 197 0 168 171 0 179 171 0 171 175 0 171 170 172 161 172 161 938 0 180 0 0 130 129 0 0 
171 239 214 0 171 172 0 176 172 0 168 159 0 169 170 167 163 169 162 553 0 173 0 131 0 131 0 0 
177 223 182 0 163 172 0 178 178 0 170 160 0 174 185 173 163 178 162 507 0 210 0 129 130 0 0 0 
0 0 0 0 0 0 0 0 0 0 0 0 0 0 0 0 0 0 0 0 0 0 0 0 0 0 0 0 
0 0 0 0 0 0 0 0 0 0 0 0 0 0 0 0 0 0 0 0 0 0 0 0 0 0 0 0 
Node Data :
band_10 :0 :0 :0 :0 :0 :0 :0 :0 :0 :0 :0 :0 :0 :0 :1 :0 :0 :0 :0 :0 :0 :0 :0 :0 :0 :0 :0 :0 
band_150 :1 :1 :1 :1 :2 :1 :1 :1 :1 :1 :1 :1 :1 :1 :1 :1 :1 :1 :1 :1 :1 :1 :1 :1 :1 :1 :1 :1 
band_50 :1 :0 :1 :0 :1 :1 :1 :1 :1 :1 :1 :1 :1 :1 :1 :1 :1 :1 :1 :1 :1 :1 :1 :1 :1 :1 :1 :1 
corecount :0 :0 :0 :0 :0 :0 :0 :0 :0 :0 :0 :0 :0 :0 :0 :0 :0 :0 :0 :0 :0 :0 :2 :2 :2 :2 :2 :2 
cpucount :0 :0 :0 :0 :0 :0 :0 :0 :0 :0 :0 :0 :0 :0 :0 :0 :0 :0 :0 :0 :0 :0 :4 :4 :8 :4 :8 :4 
cpufreqcurrent :3512 :15 :708 :3604 :803 :454 :1940 :3652 :3471 :3593 :3639 :1713 :203 :3553 :3473 :0 :2277 :27 :3640 :30 :46 :3639 :2723 :2707 :1652 :2856 :1652 :2856 
cpufreqmax :0 :0 :0 :0 :0 :0 :0 :0 :0 :0 :0 :0 :0 :0 :0 :0 :0 :0 :0 :0 :0 :0 :1807 :1806 :4600 :1806 :4600 :1806 
cpufreqmin :796 :796 :796 :796 :796 :796 :796 :796 :796 :796 :796 :796 :796 :796 :796 :796 :796 :796 :796 :796 :796 :796 :0 :0 :1596 :0 :1596 :0 
load_1 :0.0933333 :0.07 :0.273333 :0.0725 :0.174167 :0.0908333 :0.0891667 :0.116667 :0.218333 :0.17 :0.0858333 :0.0841667 :0.0966667 :0.25 :0.350833 :0.195833 :0.0833333 :0.130833 :0.0933333 :0.09 :0.176667 :0.146667 :0.19375 :0.105 :0.2475 :0.14875 :0.2225 :0.13375 
load_15 :0.1175 :0.3475 :0.215 :0.3625 :0.258333 :0.141667 :0.155833 :0.126667 :0.166667 :0.2225 :0.1325 :0.121667 :0.144167 :0.14 :0.138333 :0.215833 :0.121667 :0.1275 :0.120833 :0.130833 :0.199167 :0.1275 :0.235 :0.16875 :0.335 :0.17625 :0.325 :0.1725 
load_5 :0.104167 :0.416667 :0.235833 :0.4375 :0.339167 :0.120833 :0.110833 :0.131667 :0.175 :0.3075 :0.115 :0.104167 :0.138333 :0.148333 :0.166667 :0.205 :0.105833 :0.136667 :0.108333 :0.1175 :0.186667 :0.125833 :0.21875 :0.14375 :0.295 :0.16375 :0.2875 :0.155 
memory :1.68154e+10 :1.68154e+10 :1.68153e+10 :1.68154e+10 :1.68154e+10 :1.68153e+10 :1.68154e+10 :1.68154e+10 :1.68154e+10 :1.68154e+10 :1.68154e+10 :1.68154e+10 :1.68154e+10 :1.68154e+10 :1.68154e+10 :1.68154e+10 :1.68154e+10 :1.68154e+10 :1.68154e+10 :1.68154e+10 :1.68154e+10 :1.68154e+10 :2.51038e+10 :2.5104e+10 :0 :2.51041e+10 :2.51028e+10 :2.5104e+10 
memory_10 :17604 :17000 :22548 :17162 :16510 :16520 :17074 :16479 :21849 :16452 :16908 :16401 :16578 :19571 :20150 :27876 :19037 :16435 :20699 :27923 :18538 :16846 :28397 :24993 :0 :25410 :24954 :25097 
memory_150 :17611 :17821 :22461 :19067 :17388 :17148 :17087 :16855 :21699 :16995 :17257 :16405 :16725 :16713 :18566 :27882 :18994 :16644 :20696 :27915 :18527 :16849 :28389 :24993 :0 :25411 :24953 :25097 
memory_50 :17609 :16982 :22487 :17121 :17802 :16521 :17087 :16978 :21528 :18122 :16908 :16405 :16920 :17015 :18796 :27887 :19013 :17002 :20700 :27922 :18539 :16849 :28396 :24993 :0 :25412 :24954 :25098 
node :3 :4 :6 :7 :9 :10 :11 :12 :13 :14 :15 :17 :18 :20 :21 :22 :23 :25 :28 :29 :30 :32 :33 :34 :35 :37 :38 :39 
nodeusers :6 :5 :2 :5 :6 :7 :6 :7 :0 :7 :5 :7 :7 :7 :3 :2 :5 :7 :5 :1 :6 :7 :2 :7 :7 :5 :7 :7 
processcount :4 :4 :4 :4 :4 :4 :4 :4 :4 :4 :4 :4 :4 :4 :4 :4 :4 :4 :4 :4 :4 :4 :4 :4 :4 :4 :4 :4 
util_10 :4 :4 :11 :4 :4 :4 :4 :4 :8 :4 :4 :4 :4 :4 :5 :13 :4 :4 :4 :5 :13 :4 :13 :6 :14 :6 :13 :6 
util_150 :10 :9 :14 :9 :10 :10 :10 :10 :11 :9 :10 :9 :10 :9 :10 :18 :10 :10 :10 :10 :18 :10 :20 :14 :28 :14 :28 :14 
util_50 :10 :6 :16 :6 :8 :10 :10 :10 :12 :8 :10 :10 :10 :10 :10 :19 :10 :10 :10 :11 :19 :10 :21 :15 :31 :16 :31 :15 

Compute Load
0::9.0273  1::14.9458  2::21.5421  3::15.4692  4::16.0334  5::9.20143  6::9.00267  7::10.1144  8::16.8214  9::15.2474  10::8.98484  11::8.65946  12::9.73253  13::14.3366  14::102.103  15::20.6389  16::8.94332  17::10.5929  18::9.43334  19::10.9132  20::18.7814  21::10.8281  22::20.9274  23::12.1992  24::21.6854  25::13.8302  26::22.7921  27::13.2135  
Normalised Compute Load
0::0.0189649  1::0.0313987  2::0.0452566  3::0.0324983  4::0.0336836  5::0.0193307  6::0.0189132  7::0.0212487  8::0.0353391  9::0.0320323  10::0.0188757  11::0.0181921  12::0.0204465  13::0.0301188  14::0.214501  15::0.043359  16::0.0187885  17::0.022254  18::0.0198179  19::0.022927  20::0.0394567  21::0.0227481  22::0.0439651  23::0.0256285  24::0.0455575  25::0.029055  26::0.0478826  27::0.0277595  
Normalised Network Load :
0 :: 0 0.0563057 0.0150893 0.0553843 0.0137783 0.0136276 0.0139319 0.0133176 0.0464864 0.0128541 0.0136276 0.0491168 0.0492676 0.052811 0.0479566 0.0504306 0.0491908 0.0453262 0.0482609 0.0641864 0.0496571 0.0467964 0.046552 0.0459292 0.0341763 0.0174668 0.0288387 0.0196337 
0 :: 0 0.0646409 0.00773481 0.0646409 0.00662983 0.00718232 0.00662983 0.00662983 0.0513812 0.00607735 0.00718232 0.0552486 0.0546961 0.0569061 0.0535912 0.0569061 0.0546961 0.0497238 0.0530387 0.059116 0.0558011 0.0519337 0.0491713 0.0475138 0.0314917 0.00718232 0.0237569 0.0104972 
0 :: 0 0.0368569 0.0322498 0.0337855 0.0304582 0.0286665 0.0309701 0.0289224 0.0350653 0.0286665 0.0286665 0.0348093 0.036601 0.0432557 0.0348093 0.0353212 0.036345 0.0350653 0.0371129 0.0760174 0.0353212 0.0348093 0.0404402 0.0422319 0.0404402 0.041464 0.0406962 0.0409521 
1 :: 0.0368323 0 0.0344844 0.0355447 0.0359234 0.0344844 0.0344844 0.0345601 0.0363021 0.0344844 0.0346358 0.0368323 0.0370595 0.0379683 0.03865 0.0362264 0.0364536 0.0362264 0.0367565 0.0482688 0.0389529 0.0362264 0.0376654 0.0380441 0.038347 0.0379683 0.0382713 0.038347 
1 :: 0.037037 0 0.037037 0.037037 0.037037 0.037037 0.037037 0.037037 0.037037 0.037037 0.037037 0.037037 0.037037 0.037037 0.037037 0.037037 0.037037 0.037037 0.037037 0.037037 0.037037 0.037037 0.037037 0.037037 0.037037 0.037037 0.037037 0.037037 
1 :: 0.0363545 0 0.0285281 0.0320626 0.0333249 0.0285281 0.0285281 0.0287806 0.0345872 0.0285281 0.0290331 0.0363545 0.0371118 0.0401414 0.0424135 0.0343348 0.0350921 0.0343348 0.036102 0.0744761 0.0434234 0.0343348 0.0391315 0.0403938 0.0414037 0.0401414 0.0411512 0.0414037 
2 :: 0.0145756 0.0507773 0 0.0510796 0.013778 0.0128124 0.0127956 0.0132322 0.0393764 0.0125102 0.0132322 0.0442457 0.0464118 0.0468652 0.0486283 0.0498038 0.0451608 0.0483343 0.0479146 0.0614157 0.0483512 0.0495183 0.0331636 0.0458495 0.0442962 0.0351954 0.0350442 0.035632 
2 :: 0.00722022 0.0603404 0 0.0603404 0.00618876 0.00567303 0.00618876 0.00670449 0.0391955 0.00567303 0.00670449 0.0474471 0.0505415 0.0505415 0.0520887 0.0531202 0.0495101 0.0541516 0.0531202 0.0562145 0.0536359 0.0526044 0.0304281 0.0469314 0.0458999 0.0330067 0.0330067 0.0335224 
2 :: 0.031738 0.0284635 0 0.029471 0.0314861 0.029471 0.0282116 0.0284635 0.0397985 0.0284635 0.0284635 0.0367758 0.0367758 0.0382872 0.0405542 0.0420655 0.0350126 0.0347607 0.0357683 0.0735516 0.0360202 0.0423174 0.0395466 0.0433249 0.0405542 0.0403023 0.0397985 0.0405542 
3 :: 0.0357914 0.0354177 0.0346703 0 0.0343714 0.0355672 0.0345956 0.0347451 0.0369125 0.0348198 0.0346703 0.0379588 0.0373609 0.0374356 0.0375851 0.0368377 0.0386315 0.0363893 0.0366883 0.0469274 0.0370619 0.0360156 0.038482 0.0380335 0.0383325 0.0378841 0.0386315 0.038183 
3 :: 0.037037 0.037037 0.037037 0 0.037037 0.037037 0.037037 0.037037 0.037037 0.037037 0.037037 0.037037 0.037037 0.037037 0.037037 0.037037 0.037037 0.037037 0.037037 0.037037 0.037037 0.037037 0.037037 0.037037 0.037037 0.037037 0.037037 0.037037 
3 :: 0.0328849 0.0316393 0.029148 0 0.0281515 0.0321375 0.0288989 0.0293971 0.0366218 0.0296462 0.029148 0.0401096 0.0381166 0.0383657 0.038864 0.0363727 0.0423518 0.0348779 0.0358744 0.070005 0.0371201 0.0336323 0.0418535 0.0403587 0.0413553 0.0398605 0.0423518 0.040857 
4 :: 0.0134039 0.05279 0.0138584 0.0513506 0 0.0125836 0.0142241 0.0130251 0.0329807 0.0125836 0.0128866 0.0413898 0.0490465 0.0454519 0.0480747 0.0488689 0.0469775 0.0476097 0.0468887 0.0614681 0.0465857 0.0471917 0.0472701 0.046941 0.0442163 0.043511 0.0312017 0.0276202 
4 :: 0.00626959 0.0611285 0.00626959 0.0611285 0 0.00574713 0.00679206 0.00626959 0.0292581 0.00574713 0.00574713 0.0444096 0.0532915 0.0485893 0.0527691 0.0543365 0.0512017 0.0501567 0.0517241 0.0564263 0.0517241 0.0517241 0.0485893 0.0496343 0.0464995 0.0444096 0.0276907 0.022466 
4 :: 0.0300505 0.0333333 0.0315657 0.0285354 0 0.0285354 0.0315657 0.0287879 0.0416667 0.0285354 0.0295455 0.0343434 0.0391414 0.0381313 0.0371212 0.0361111 0.0371212 0.0416667 0.0356061 0.0732323 0.034596 0.0366162 0.0441919 0.0406566 0.0388889 0.0414141 0.0393939 0.0396465 
5 :: 0.0128367 0.0490043 0.0125143 0.0501936 0.012217 0 0.0124897 0.0137533 0.0283535 0.013679 0.0130592 0.0445654 0.0441194 0.043697 0.0455819 0.0465242 0.0445413 0.0429793 0.0479364 0.058839 0.0417639 0.0467471 0.046945 0.0468953 0.0463253 0.0468953 0.0443916 0.0431521 
5 :: 0.00644522 0.0580069 0.00545364 0.0580069 0.00545364 0 0.00594943 0.00594943 0.0247893 0.00594943 0.00495786 0.0470997 0.0470997 0.0436292 0.0490828 0.0510659 0.0490828 0.0461081 0.0510659 0.0530491 0.0421418 0.0510659 0.0500744 0.0495786 0.0490828 0.0495786 0.0461081 0.0441249 
5 :: 0.0277502 0.027998 0.0289891 0.0319623 0.027998 0 0.0277502 0.0319623 0.03667 0.0317146 0.0319623 0.0386521 0.0371655 0.0438553 0.0374133 0.0359267 0.0339445 0.0356789 0.0406343 0.0723489 0.0408821 0.03667 0.0396432 0.0406343 0.039891 0.0406343 0.0403865 0.0408821 
6 :: 0.0131087 0.0482612 0.0124376 0.0484849 0.0137475 0.0124376 0 0.0124376 0.0389774 0.0126613 0.0128428 0.0378815 0.0436694 0.0443925 0.0439579 0.0460301 0.0452 0.0445288 0.0440618 0.0589927 0.0439971 0.0473723 0.0467336 0.0468827 0.0468082 0.0417757 0.0459683 0.0463509 
6 :: 0.00583658 0.0569066 0.00583658 0.0569066 0.00632296 0.00583658 0 0.00583658 0.0384241 0.00583658 0.00535019 0.036965 0.0452335 0.0466926 0.0442607 0.0500973 0.0491245 0.0491245 0.047179 0.0525292 0.0481518 0.0500973 0.0496109 0.0496109 0.0496109 0.0423152 0.0476654 0.0486381 
6 :: 0.0300771 0.0280885 0.0278399 0.0288342 0.0310713 0.0278399 0 0.0278399 0.0402685 0.0285856 0.0303256 0.0400199 0.0400199 0.0390256 0.0432513 0.0365399 0.0360428 0.0338056 0.0367885 0.0740741 0.0343028 0.0410142 0.0400199 0.040517 0.0402685 0.040517 0.0420085 0.0410142 
7 :: 0.0126204 0.0495739 0.0129716 0.0498714 0.0126948 0.0138106 0.012546 0 0.0336573 0.0144387 0.0126411 0.0376696 0.0416612 0.0454918 0.0357524 0.0478223 0.0455784 0.0439089 0.0453346 0.0600999 0.0457149 0.0415247 0.0486735 0.0485991 0.0479297 0.0475991 0.0475247 0.0442893 
7 :: 0.00602107 0.0587055 0.00652283 0.0587055 0.00602107 0.00602107 0.00602107 0 0.0316106 0.00702459 0.00551932 0.03713 0.043151 0.0476668 0.0331159 0.0506774 0.0491721 0.0481686 0.0496739 0.0541897 0.0476668 0.0446563 0.0516809 0.0516809 0.0516809 0.0506774 0.0506774 0.0461616 
7 :: 0.0280188 0.0282668 0.0280188 0.0292586 0.0282668 0.0319861 0.0277709 0 0.0384329 0.0317382 0.0292586 0.0389288 0.038185 0.0404166 0.0419043 0.0411604 0.0371932 0.0339697 0.0352095 0.0738904 0.0411604 0.0342177 0.0416563 0.0414084 0.0391768 0.0404166 0.0401686 0.0399207 
8 :: 0.0508963 0.0614029 0.0450151 0.0621462 0.0367799 0.0328897 0.0466257 0.039101 0 0.0395885 0.0473444 0.014173 0.0145282 0.0162214 0.0156514 0.0568432 0.0140243 0.0132149 0.0143135 0.0685464 0.0145364 0.016915 0.0414386 0.054803 0.0466257 0.0420332 0.0415129 0.0528289 
8 :: 0.0581614 0.0731707 0.0475297 0.0731707 0.0350219 0.0312695 0.0494059 0.0393996 0 0.0419012 0.0512821 0.00750469 0.00875547 0.0100063 0.00813008 0.0637899 0.00750469 0.0068793 0.00813008 0.0669168 0.00813008 0.00813008 0.0425266 0.0606629 0.0494059 0.0425266 0.0425266 0.0581614 
8 :: 0.0339445 0.0339445 0.0391477 0.0364222 0.0408821 0.03667 0.0401388 0.0384044 0 0.0341923 0.0381566 0.0297324 0.027998 0.0307235 0.0332012 0.0406343 0.0292369 0.027998 0.0287413 0.0723489 0.0294846 0.0374133 0.0388999 0.0411298 0.0401388 0.0408821 0.0391477 0.0403865 
9 :: 0.0124789 0.0509606 0.0125548 0.0514156 0.0125548 0.0140546 0.0130688 0.0147792 0.0347405 0 0.0121925 0.0455258 0.0402679 0.0344708 0.0384311 0.0327098 0.0369987 0.0449781 0.0465622 0.0611982 0.0487951 0.046579 0.0508595 0.0493765 0.0486855 0.0488035 0.048517 0.0484412 
9 :: 0.00569358 0.060559 0.00569358 0.060559 0.00569358 0.00621118 0.00621118 0.00724638 0.0346791 0 0.00517598 0.0481366 0.0419255 0.0336439 0.0377847 0.0295031 0.0351967 0.0486542 0.0512422 0.0559006 0.0548654 0.0507246 0.0543478 0.0533126 0.0512422 0.0522774 0.0517598 0.0517598 
9 :: 0.0283114 0.0285642 0.0285642 0.0300809 0.0285642 0.0323559 0.0290698 0.0323559 0.0348837 0 0.0285642 0.0394338 0.0364004 0.0364004 0.0399393 0.0401921 0.0412032 0.0364004 0.0356421 0.0735592 0.0346309 0.036906 0.0427199 0.0401921 0.0427199 0.0406977 0.0409505 0.0406977 
10 :: 0.01326 0.0520454 0.0133354 0.0521961 0.0128953 0.0134288 0.0132721 0.0129706 0.0420077 0.0122231 0 0.0255253 0.0394244 0.0423031 0.0368049 0.0425804 0.0466136 0.0382367 0.0365095 0.0626498 0.0464628 0.0455465 0.0523197 0.0502579 0.0491275 0.0500258 0.050698 0.0472797 
10 :: 0.00688559 0.0619703 0.00688559 0.0619703 0.00582627 0.00529661 0.00582627 0.00582627 0.0434322 0.00529661 0 0.0217161 0.0386653 0.0439619 0.0370763 0.0460805 0.0492585 0.0370763 0.0365466 0.0572034 0.0492585 0.0503178 0.0577331 0.0534958 0.0534958 0.0540254 0.0545551 0.0503178 
10 :: 0.0281336 0.0288872 0.0283848 0.0293896 0.0293896 0.0324039 0.0306456 0.0296408 0.0386837 0.0283848 0 0.0344135 0.0411957 0.0384326 0.0361718 0.0344135 0.0404421 0.0409445 0.036423 0.075358 0.0399397 0.0344135 0.0396885 0.0427028 0.0389349 0.0406933 0.0416981 0.0401909 
11 :: 0.0521321 0.0598476 0.0495453 0.0611371 0.0458597 0.0515583 0.0439926 0.0428528 0.0141203 0.050722 0.0275365 0 0.0140075 0.0140814 0.013247 0.0487868 0.013247 0.0136263 0.0146902 0.0652235 0.014766 0.014272 0.0387471 0.0560045 0.0466143 0.0430045 0.0436114 0.046766 
11 :: 0.0597372 0.0698925 0.0549582 0.0698925 0.0507766 0.0567503 0.0454002 0.0442055 0.00716846 0.0555556 0.0244922 0 0.00776583 0.00657109 0.00657109 0.0549582 0.00657109 0.00657109 0.00776583 0.0639188 0.00776583 0.00716846 0.0382318 0.0621266 0.0483871 0.0442055 0.0442055 0.0483871 
11 :: 0.0343869 0.0364096 0.0369153 0.040708 0.0343869 0.0394437 0.040708 0.0396966 0.0303413 0.0394437 0.0346397 0 0.0285714 0.0316056 0.0288243 0.0343869 0.0288243 0.0300885 0.030847 0.068268 0.0310999 0.030847 0.0399494 0.0417193 0.0424779 0.0402023 0.042225 0.0429836 
12 :: 0.0512389 0.0588997 0.0510558 0.0593512 0.0533685 0.0501301 0.0501401 0.0467512 0.0142269 0.0439544 0.0421882 0.0138181 0 0.0130003 0.0133439 0.0213582 0.0150646 0.0130003 0.0136775 0.0653125 0.0128924 0.0137527 0.0540784 0.0378311 0.0428129 0.0536042 0.0517003 0.0434475 
12 :: 0.0578271 0.0683411 0.057243 0.0683411 0.0595794 0.0554907 0.0543224 0.0502336 0.00817757 0.0473131 0.0426402 0.00759346 0 0.00642523 0.00584112 0.0146028 0.00700935 0.00642523 0.00642523 0.0619159 0.00584112 0.00642523 0.0601636 0.0373832 0.0443925 0.0584112 0.0566589 0.0449766 
12 :: 0.0358666 0.0368698 0.036619 0.0383747 0.0388763 0.0376223 0.0403812 0.0386255 0.0283421 0.0361174 0.0411337 0.0283421 0 0.0283421 0.0308503 0.0371206 0.03386 0.0283421 0.0305994 0.073238 0.0293454 0.0308503 0.0398796 0.0388763 0.0391272 0.0423878 0.0401304 0.0398796 
13 :: 0.0524547 0.0571654 0.049263 0.0567986 0.0472452 0.0472083 0.048852 0.0489034 0.0153198 0.0358427 0.043503 0.0134487 0.0125683 0 0.012693 0.0480522 0.0136175 0.0151069 0.0126196 0.0630344 0.0125463 0.0130085 0.0495857 0.04759 0.0465187 0.0420721 0.0451319 0.0498499 
13 :: 0.0572222 0.065 0.0544444 0.065 0.0516667 0.0488889 0.0533333 0.0527778 0.00888889 0.0361111 0.0461111 0.00611111 0.00611111 0 0.00555556 0.0516667 0.00666667 0.00722222 0.00555556 0.0594444 0.00555556 0.00611111 0.0533333 0.0511111 0.05 0.0433333 0.0483333 0.0544444 
13 :: 0.0413304 0.0388848 0.0371729 0.037662 0.0369283 0.0432869 0.0383957 0.039863 0.0303253 0.0352164 0.0374175 0.0305698 0.0276351 0 0.029347 0.0396185 0.0298361 0.0335045 0.0291025 0.0714111 0.0288579 0.0291025 0.0408413 0.0393739 0.0383957 0.0391294 0.037662 0.0391294 
14 :: 0.0495987 0.0601192 0.053084 0.0592281 0.0520444 0.051527 0.0499772 0.0394256 0.0152443 0.0414593 0.039198 0.0129447 0.0132058 0.012983 0 0.0306082 0.0133902 0.0132417 0.0142047 0.0638441 0.0131675 0.0146502 0.048346 0.0546027 0.051309 0.0479004 0.036944 0.0477519 
14 :: 0.0564282 0.0680628 0.0587551 0.0680628 0.0587551 0.0575916 0.0529378 0.0383944 0.00756254 0.0424666 0.0407213 0.00639907 0.00581734 0.00581734 0 0.0290867 0.00639907 0.00639907 0.00756254 0.0622455 0.00639907 0.00756254 0.0517743 0.0605003 0.0552647 0.0517743 0.0354857 0.0517743 
14 :: 0.0336634 0.0415842 0.0398515 0.0386139 0.0363861 0.0373762 0.0430693 0.0418317 0.0331683 0.0391089 0.0356436 0.0282178 0.0304455 0.029703 0 0.0341584 0.029703 0.0292079 0.029703 0.0675743 0.0289604 0.0311881 0.0403465 0.0408416 0.0420792 0.0388614 0.0403465 0.0383663 
15 :: 0.0414437 0.0456184 0.0434811 0.046321 0.0421032 0.0419355 0.042076 0.0427944 0.0429621 0.0287403 0.0364417 0.0379126 0.018104 0.0400475 0.0251073 0 0.0274371 0.0361107 0.0325366 0.0535665 0.0367975 0.038869 0.0150103 0.0333638 0.0414482 0.0410969 0.0380848 0.0305897 
15 :: 0.0453545 0.0515192 0.0453545 0.0515192 0.0457948 0.0453545 0.0453545 0.0444738 0.0449141 0.0250991 0.0383091 0.0405108 0.0110084 0.0409511 0.0220167 0 0.0233377 0.0352268 0.0308234 0.0471158 0.0361074 0.0400705 0.00528402 0.0317041 0.0431528 0.0431528 0.0387494 0.0277411 
15 :: 0.0323185 0.0318501 0.0391101 0.034192 0.0334895 0.0339578 0.0344262 0.0388759 0.0384075 0.0372365 0.0320843 0.0318501 0.0346604 0.0379391 0.0323185 0 0.0370023 0.0381733 0.036534 0.0686183 0.0384075 0.0360656 0.0377049 0.0372365 0.0374707 0.0362998 0.036534 0.0372365 
16 :: 0.0496437 0.0565139 0.0482368 0.0588331 0.0496236 0.0492696 0.0506564 0.0498481 0.0135577 0.0389963 0.0487003 0.0128643 0.0148295 0.0138569 0.0133131 0.0327101 0 0.0129391 0.0132182 0.0635499 0.0132584 0.014231 0.0384325 0.0514593 0.0466894 0.0496382 0.0508206 0.04431 
16 :: 0.0557432 0.0658784 0.0540541 0.0658784 0.0551802 0.0557432 0.0568694 0.0551802 0.00675676 0.0382883 0.0523649 0.00619369 0.00675676 0.00675676 0.00619369 0.0298423 0 0.00619369 0.00563063 0.0596847 0.00675676 0.00675676 0.0371622 0.0563063 0.0484234 0.053491 0.0551802 0.0467342 
16 :: 0.0354115 0.0346633 0.0346633 0.042394 0.0366584 0.0341646 0.0361596 0.0374065 0.0294264 0.0406484 0.0401496 0.0284289 0.0336658 0.0304239 0.0299252 0.0394015 0 0.0286783 0.0309227 0.0725686 0.0284289 0.0316708 0.0413965 0.0401496 0.0426434 0.0406484 0.0406484 0.0386534 
17 :: 0.0464445 0.0571494 0.0525109 0.0574561 0.0509877 0.0481793 0.0507603 0.0488404 0.0130581 0.0485786 0.0404521 0.0135182 0.0130581 0.0156972 0.0134415 0.0444452 0.0132115 0 0.0126588 0.0634931 0.0129814 0.0125821 0.0194259 0.0524157 0.0473489 0.0487451 0.0513103 0.0512495 
17 :: 0.0513406 0.0667427 0.0598973 0.0667427 0.0547633 0.0530519 0.0576155 0.0547633 0.00627496 0.0536224 0.0399315 0.00627496 0.00627496 0.00741586 0.00627496 0.0456361 0.00627496 0 0.00570451 0.0604678 0.00627496 0.00570451 0.00912721 0.0564746 0.0507701 0.0513406 0.0553337 0.0559042 
17 :: 0.0350204 0.0347648 0.0352761 0.0357873 0.0421779 0.0368098 0.0347648 0.0350204 0.0288855 0.0368098 0.0416667 0.0304192 0.0288855 0.0350204 0.0301636 0.0416667 0.0293967 0 0.0288855 0.0705521 0.0286299 0.0286299 0.043456 0.0429448 0.0393661 0.0426892 0.0419223 0.0403885 
18 :: 0.0491631 0.0573488 0.0517139 0.0574249 0.0500495 0.0533899 0.0497887 0.0501257 0.0139986 0.0500495 0.0384427 0.0144557 0.0136616 0.013036 0.0143034 0.0396777 0.0134169 0.0125789 0 0.0628085 0.0136455 0.0148528 0.0516932 0.0459382 0.0451603 0.0493593 0.0236111 0.0503058 
18 :: 0.0544526 0.0663642 0.0584231 0.0663642 0.0561543 0.0584231 0.0550199 0.0561543 0.00737379 0.0561543 0.0391378 0.00737379 0.00623936 0.00567215 0.00737379 0.039705 0.00567215 0.00567215 0 0.0601248 0.00567215 0.00794101 0.0550199 0.0482133 0.0476461 0.0533182 0.015882 0.0544526 
18 :: 0.0368207 0.0363128 0.0360589 0.0365668 0.035805 0.0416455 0.0375825 0.0360589 0.0294566 0.035805 0.0368207 0.0309802 0.0309802 0.0302184 0.0304723 0.039614 0.0314881 0.0286948 0 0.0690706 0.0322499 0.0309802 0.0439309 0.0406298 0.0393601 0.0401219 0.0416455 0.0406298 
19 :: 0.0369173 0.0392484 0.0372105 0.0387219 0.0368947 0.0367293 0.0371955 0.0371955 0.0367293 0.0369323 0.0372707 0.0359019 0.0364886 0.0367293 0.0360147 0.0367669 0.036451 0.0358869 0.0357365 0 0.0365638 0.0363758 0.0367895 0.0368421 0.037519 0.0374438 0.0369925 0.0404525 
19 :: 0.0367824 0.04022 0.0374699 0.04022 0.0371262 0.0367824 0.0371262 0.0371262 0.0367824 0.0371262 0.0371262 0.0367824 0.0364386 0.0367824 0.0367824 0.0367824 0.0364386 0.0364386 0.0364386 0 0.0364386 0.0364386 0.0364386 0.0367824 0.0367824 0.0367824 0.0367824 0.0367824 
19 :: 0.037232 0.0369813 0.0366052 0.0352263 0.0363545 0.0366052 0.0373574 0.0373574 0.0366052 0.0364799 0.0376081 0.0338473 0.0366052 0.0366052 0.0342234 0.0367306 0.0364799 0.0345995 0.034098 0 0.036856 0.0362292 0.0376081 0.0369813 0.0392378 0.0389871 0.0374828 0.0490159 
20 :: 0.0524327 0.0616536 0.054058 0.0599204 0.051525 0.0478086 0.0516003 0.0520457 0.0143778 0.0544382 0.0506858 0.0146793 0.0129786 0.013054 0.0133948 0.0464847 0.0135849 0.013018 0.0137322 0.0662694 0 0.0135095 0.0402422 0.0417955 0.0458819 0.0450495 0.0377811 0.0179984 
20 :: 0.0600476 0.06956 0.0618312 0.06956 0.0588585 0.0505351 0.0588585 0.0564804 0.00772889 0.0630202 0.0552913 0.00772889 0.0059453 0.0059453 0.00653983 0.0487515 0.00713436 0.00653983 0.0059453 0.0630202 0 0.00713436 0.0398335 0.0428062 0.0487515 0.0475624 0.0356718 0.00891795 
20 :: 0.0346647 0.0432052 0.0359206 0.0374278 0.0344135 0.0414469 0.0346647 0.0416981 0.029892 0.0344135 0.0399397 0.0308968 0.0293896 0.0296408 0.0293896 0.0411957 0.028636 0.0281336 0.0319015 0.0738508 0 0.0283848 0.0411957 0.0394373 0.0391861 0.0391861 0.0427028 0.0391861 
21 :: 0.04808 0.0573436 0.053707 0.0572684 0.0507702 0.0526067 0.0538843 0.0462165 0.0165836 0.0504426 0.048558 0.0140015 0.0136739 0.0133733 0.0147048 0.0482245 0.0143772 0.0124445 0.014807 0.0644112 0.0133251 0 0.0290152 0.0511401 0.0387778 0.0457809 0.0433373 0.033145 
21 :: 0.0540852 0.0673188 0.0586881 0.0673188 0.056962 0.0592635 0.0592635 0.0512083 0.00747986 0.0563867 0.0546605 0.00690449 0.00632911 0.00632911 0.00747986 0.052359 0.00690449 0.00575374 0.00805524 0.0609896 0.00690449 0 0.0241657 0.0552359 0.0368239 0.0483314 0.0443038 0.0304948 
21 :: 0.0340681 0.0340681 0.0420842 0.0338176 0.0363226 0.0370741 0.0413327 0.0345691 0.0378257 0.0365731 0.0343186 0.0305611 0.0308116 0.0298096 0.0315631 0.0385772 0.0318136 0.0280561 0.0305611 0.0723948 0.0283066 0 0.0403307 0.0415832 0.0433367 0.0398297 0.0410822 0.0393287 
22 :: 0.0438647 0.0540514 0.0326615 0.0549426 0.0465148 0.0484557 0.0488954 0.0497464 0.0360019 0.0505573 0.0512878 0.0345858 0.0491294 0.0470798 0.0442075 0.0154913 0.0358765 0.017593 0.0478623 0.0599093 0.0361106 0.026626 0 0.0137775 0.0136687 0.0130919 0.0136687 0.0143425 
22 :: 0.0471898 0.0620361 0.0312831 0.0620361 0.0493107 0.0535525 0.0540827 0.0546129 0.0360551 0.0556734 0.0577943 0.0339343 0.0546129 0.0509014 0.0471898 0.00636267 0.0349947 0.00848356 0.0514316 0.0562036 0.0355249 0.0222694 0 0.00636267 0.0068929 0.00636267 0.0068929 0.00795334 
22 :: 0.036106 0.0354205 0.0358775 0.0383912 0.0399909 0.0365631 0.0367916 0.0383912 0.0358775 0.0386197 0.036106 0.036106 0.0363346 0.0381627 0.0372486 0.0367916 0.0379342 0.0388483 0.0395338 0.0685558 0.0374771 0.0367916 0 0.0310786 0.029479 0.0287934 0.029479 0.0292505 
23 :: 0.0391056 0.0487612 0.0412006 0.048899 0.0417333 0.0435528 0.0441291 0.0447272 0.0427228 0.0441762 0.0442886 0.044912 0.0313201 0.0407656 0.044912 0.0341762 0.0433462 0.0435057 0.0384386 0.0548329 0.0340385 0.0424002 0.0132374 0 0.0117004 0.0131467 0.0122949 0.0136759 
23 :: 0.0396313 0.0539171 0.0419355 0.0539171 0.0437788 0.0460829 0.0470046 0.0474654 0.0447005 0.0474654 0.0465438 0.0479263 0.0294931 0.0423963 0.0479263 0.0331797 0.0460829 0.0456221 0.0391705 0.0493088 0.0331797 0.0442396 0.00552995 0 0.00599078 0.00599078 0.00506912 0.00645161 
23 :: 0.0378788 0.0367309 0.0394858 0.0371901 0.0369605 0.0376492 0.0374197 0.0383379 0.0381084 0.0365014 0.0390266 0.0378788 0.0355831 0.0369605 0.0378788 0.0365014 0.0369605 0.0385675 0.0367309 0.0677227 0.0360422 0.0381084 0.0312213 0 0.025023 0.0298439 0.0291552 0.0305326 
24 :: 0.0302053 0.0508725 0.041214 0.0510114 0.0407281 0.0445891 0.045671 0.0457309 0.0379082 0.0451444 0.0448476 0.0389997 0.0364792 0.0412738 0.0438637 0.0441822 0.0408955 0.0407281 0.0391099 0.0578398 0.0385043 0.0336091 0.0133418 0.0119536 0 0.0138876 0.0137895 0.0136195 
24 :: 0.0274831 0.0564127 0.0429122 0.0564127 0.0429122 0.0477338 0.0491803 0.0496625 0.0380906 0.0477338 0.0486982 0.039055 0.0366442 0.0433944 0.0458052 0.0472517 0.0414658 0.0429122 0.0405014 0.0515911 0.0395371 0.0308582 0.00626808 0.00626808 0 0.00675024 0.00819672 0.00626808 
24 :: 0.0365571 0.0379454 0.0372513 0.0384081 0.0356317 0.0372513 0.0374826 0.0365571 0.0374826 0.0391023 0.035863 0.0388709 0.0360944 0.0363258 0.0393336 0.0370199 0.039565 0.0356317 0.035863 0.0724202 0.0360944 0.0400278 0.0298473 0.0252198 0 0.0305414 0.0268394 0.0307728 
25 :: 0.015799 0.0517731 0.0334033 0.0518427 0.0409879 0.0462066 0.0416141 0.0464849 0.035143 0.0463457 0.0467632 0.0368128 0.0465546 0.0382741 0.0418923 0.0448843 0.0443974 0.0429363 0.0437015 0.058874 0.0386915 0.0402919 0.0129453 0.0135716 0.0140587 0 0.0124578 0.0132929 
25 :: 0.00646123 0.0581511 0.0318091 0.0581511 0.0422465 0.0497018 0.0432406 0.0501988 0.0337972 0.0501988 0.0506958 0.0367793 0.0497018 0.0387674 0.0442346 0.0487078 0.0472167 0.0447316 0.0467197 0.0531809 0.0397614 0.0417495 0.00596421 0.00646123 0.00695825 0 0.00695825 0.00745527 
25 :: 0.037587 0.036891 0.037123 0.037123 0.038051 0.038051 0.037819 0.037819 0.0382831 0.037355 0.037587 0.036891 0.0392111 0.037123 0.0364269 0.0359629 0.037819 0.0387471 0.0366589 0.0721578 0.0361949 0.036891 0.0292343 0.0301624 0.0306265 0 0.02529 0.0269142 
26 :: 0.0268761 0.0544169 0.0345436 0.0549026 0.0303521 0.0455747 0.0478332 0.0484527 0.0360172 0.0480843 0.0494671 0.0388523 0.0468402 0.0427397 0.0337853 0.0432469 0.0474169 0.0471178 0.0216968 0.0601705 0.0339026 0.0397494 0.0137416 0.012866 0.0143131 0.0127221 0 0.0143182 
26 :: 0.0226316 0.0615789 0.0336842 0.0615789 0.0278947 0.0489474 0.0515789 0.0531579 0.0357895 0.0526316 0.0542105 0.0389474 0.0510526 0.0457895 0.0321053 0.0463158 0.0515789 0.0510526 0.0147368 0.0563158 0.0315789 0.0405263 0.00684211 0.00578947 0.00894737 0.00736842 0 0.00736842 
26 :: 0.03678 0.0377053 0.0365487 0.0393245 0.0360861 0.0377053 0.0390932 0.037474 0.0365487 0.037474 0.0383993 0.0386306 0.0370113 0.0356234 0.0377053 0.0360861 0.0377053 0.0379366 0.0379366 0.0691649 0.0393245 0.0379366 0.0298404 0.0293777 0.0268332 0.025214 0 0.0305344 
27 :: 0.0180484 0.0551828 0.035419 0.0551828 0.0268714 0.044719 0.0488565 0.0455748 0.0460873 0.048584 0.0466351 0.0420505 0.0397964 0.0477636 0.0440376 0.0345305 0.0417808 0.0476273 0.0470113 0.0668881 0.0162712 0.0306328 0.0143635 0.014328 0.0139518 0.0135458 0.0142599 0 
27 :: 0.0102096 0.0628694 0.0349275 0.0628694 0.0231059 0.0478238 0.0537346 0.0494358 0.0499731 0.0537346 0.0510478 0.043525 0.0413756 0.0526599 0.0478238 0.0338528 0.0445997 0.0526599 0.0515852 0.057496 0.00806018 0.0284793 0.00806018 0.00752284 0.00698549 0.00806018 0.00752284 0 
27 :: 0.0363389 0.0372473 0.036566 0.0372473 0.0356575 0.0374744 0.0374744 0.036566 0.0370202 0.036566 0.0363389 0.03861 0.0361117 0.0363389 0.0352033 0.0361117 0.0352033 0.0358846 0.0363389 0.0888031 0.0354304 0.0356575 0.0290711 0.0302067 0.0302067 0.0263457 0.0299796 0 

Nodes
3 4 6 7 9 10 11 12 13 14 15 17 18 20 21 22 23 25 28 29 30 32 33 34 35 37 38 39 
csews3 csews4 csews6 csews7 csews9 csews10 csews11 csews12 csews13 csews14 csews15 csews17 csews18 csews20 csews21 csews22 csews23 csews25 csews28 csews29 csews30 csews32 csews33 csews34 csews35 csews37 csews38 csews39 
Computation, Network each node star:

3 || 0.0254986 || 5.5 || 56
4 || 0.0383276 || 58.5 || 56.5
6 || 0.0386444 || 5.5 || 56.5
7 || 0.0330909 || 58.5 || 56.5
9 || 0.0265072 || 5.5 || 56.5
10 || 0.0265072 || 5.5 || 56.5
11 || 0.0320849 || 6 || 56
12 || 0.0200809 || 6 || 56
13 || 0.0287966 || 5.5 || 56.5
14 || 0.025454 || 5 || 56.5
15 || 0.025454 || 5 || 56.5
17 || 0.116347 || 5.5 || 57
18 || 0.0299516 || 5 || 58.5
20 || 0.0347878 || 5 || 59
21 || 0.116347 || 5.5 || 57
22 || 0.043662 || 6 || 80.5
23 || 0.0184903 || 5.5 || 57
25 || 0.0225011 || 5 || 56
28 || 0.021036 || 5 || 56.5
29 || 0.0213724 || 53 || 136
30 || 0.0299516 || 5 || 58.5
32 || 0.0225011 || 5 || 56
33 || 0.0365101 || 6 || 63
34 || 0.035593 || 6.5 || 54.5
35 || 0.035593 || 6.5 || 54.5
37 || 0.0384688 || 7 || 54.5
38 || 0.0384688 || 7 || 54.5
39 || 0.0284072 || 7.5 || 58
Min Load:0.0211022 28
Computation, Network each node star:

3 || 0.0189203 || 6.5 || 56
4 || 0.0251559 || 58.5 || 56.5
6 || 0.0320849 || 6 || 56
7 || 0.0257057 || 58.5 || 58
9 || 0.0265072 || 5.5 || 56.5
10 || 0.019122 || 6 || 56
11 || 0.019122 || 6 || 56
12 || 0.0200809 || 6 || 56
13 || 0.0267656 || 6 || 60
14 || 0.025454 || 5 || 56.5
15 || 0.0188944 || 5.5 || 61
17 || 0.0184903 || 5.5 || 57
18 || 0.0193193 || 6.5 || 56.5
20 || 0.0249684 || 5 || 59.5
21 || 0.116347 || 5.5 || 57
22 || 0.0319027 || 12.5 || 74
23 || 0.0184903 || 5.5 || 57
25 || 0.021036 || 5 || 56.5
28 || 0.0193032 || 5 || 62
29 || 0.0205595 || 53.5 || 135
30 || 0.0291226 || 6 || 57
32 || 0.0204701 || 6 || 61
33 || 0.0347968 || 6 || 68
34 || 0.026694 || 7 || 66.5
35 || 0.035593 || 6.5 || 54.5
37 || 0.02401 || 6.5 || 81
38 || 0.0367555 || 5.5 || 63.5
39 || 0.026694 || 7 || 66.5
Min Load:0.0222053 17

Allocated Nodes
csews28:4
csews25:4


Allocated Nodes
csews17:4
csews23:4


NODES ALLOCATION WITH MAX COMPUTE
csews17
csews23



======================================================================
proc count : 8 BINARY : /users/btech/akashish/UGP/allocator/miniAMR --num_refine 4 --max_blocks 9000 --npx 2 --npy 2 --npz 2 --nx 12 --ny 12 --nz 12 --num_objects 1 --object 2 0 -1.71 -1.71 -1.71 0.04 0.04 0.04 1.7 1.7 1.7 0.0 0.0 0.0 --num_tsteps 10 --checksum_freq 1
======================================================================
======================================================================
csews3 csews4 csews6 csews7 csews9 csews10 csews11 csews12 csews13 csews14 csews15 csews17 csews18 csews20 csews21 csews22 csews23 csews25 csews28 csews29 csews30 csews32 csews33 csews34 csews35 csews37 csews38 csews39 
Number of hosts: 28
done
Process and Cpu Count
 11,12 10,12 10,12 10,12 10,12 11,12 11,12 11,12 10,12 10,12 11,12 9,12 11,12 10,12 9,12 10,12 7,12 11,12 11,12 11,12 10,12 11,12 7,8 7,8 3,4 7,8 3,4 7,8 
MAX BW : 117Bandwidth Data :
csews3   0 117 14 117 12 13 12 12 93 11 13 100 99 103 97 103 99 90 96 107 101 94 89 86 57 13 43 19 
csews4   117 0 117 117 117 117 117 117 117 117 117 117 117 117 117 117 117 117 117 117 117 117 117 117 117 117 117 117 
csews6   14 117 0 117 12 11 12 13 76 11 13 92 98 98 101 103 96 105 103 109 104 102 59 91 89 64 64 65 
csews7   117 117 117 0 117 117 117 117 117 117 117 117 117 117 117 117 117 117 117 117 117 117 117 117 117 117 117 117 
csews9   12 117 12 117 0 11 13 12 56 11 11 85 102 93 101 104 98 96 99 108 99 99 93 95 89 85 53 43 
csews10   13 117 11 117 11 0 12 12 50 12 10 95 95 88 99 103 99 93 103 107 85 103 101 100 99 100 93 89 
csews11   12 117 12 117 13 12 0 12 79 12 11 76 93 96 91 103 101 101 97 108 99 103 102 102 102 87 98 100 
csews12   12 117 13 117 12 12 12 0 63 14 11 74 86 95 66 101 98 96 99 108 95 89 103 103 103 101 101 92 
csews13   93 117 76 117 56 50 79 63 0 67 82 12 14 16 13 102 12 11 13 107 13 13 68 97 79 68 68 93 
csews14   11 117 11 117 11 12 12 14 67 0 10 93 81 65 73 57 68 94 99 108 106 98 105 103 99 101 100 100 
csews15   13 117 13 117 11 10 11 11 82 10 0 41 73 83 70 87 93 70 69 108 93 95 109 101 101 102 103 95 
csews17   100 117 92 117 85 95 76 74 12 93 41 0 13 11 11 92 11 11 13 107 13 12 64 104 81 74 74 81 
csews18   99 117 98 117 102 95 93 86 14 81 73 13 0 11 10 25 12 11 11 106 10 11 103 64 76 100 97 77 
csews20   103 117 98 117 93 88 96 95 16 65 83 11 11 0 10 93 12 13 10 107 10 11 96 92 90 78 87 98 
csews21   97 117 101 117 101 99 91 66 13 73 70 11 10 10 0 50 11 11 13 107 11 13 89 104 95 89 61 89 
csews22   103 117 103 117 104 103 103 101 102 57 87 92 25 93 50 0 53 80 70 107 82 91 12 72 98 98 88 63 
csews23   99 117 96 117 98 99 101 98 12 68 93 11 12 12 11 53 0 11 10 106 12 12 66 100 86 95 98 83 
csews25   90 117 105 117 96 93 101 96 11 94 70 11 11 13 11 80 11 0 10 106 11 10 16 99 89 90 97 98 
csews28   96 117 103 117 99 103 97 99 13 99 69 13 11 10 13 70 10 10 0 106 10 14 97 85 84 94 28 96 
csews29   107 117 109 117 108 107 108 108 107 108 108 107 106 107 107 107 106 106 106 0 106 106 106 107 107 107 107 107 
csews30   101 117 104 117 99 85 99 95 13 106 93 13 10 10 11 82 12 11 10 106 0 12 67 72 82 80 60 15 
csews32   94 117 102 117 99 103 103 89 13 98 95 12 11 11 13 91 12 10 14 106 12 0 42 96 64 84 77 53 
csews33   89 117 59 117 93 101 102 103 68 105 109 64 103 96 89 12 66 16 97 106 67 42 0 12 13 12 13 15 
csews34   86 117 91 117 95 100 102 103 97 103 101 104 64 92 104 72 100 99 85 107 72 96 12 0 13 13 11 14 
csews35   57 117 89 117 89 99 102 103 79 99 101 81 76 90 95 98 86 89 84 107 82 64 13 13 0 14 17 13 
csews37   13 117 64 117 85 100 87 101 68 101 102 74 100 78 89 98 95 90 94 107 80 84 12 13 14 0 14 15 
csews38   43 117 64 117 53 93 98 101 68 100 103 74 97 87 61 88 98 97 28 107 60 77 13 11 17 14 0 14 
csews39   19 117 65 117 43 89 100 92 93 100 95 81 77 98 89 63 83 98 96 107 15 53 15 14 13 15 14 0 
Latency Data :
0 144 126 132 119 112 121 113 137 112 112 136 143 169 136 138 142 137 145 297 138 136 158 165 158 162 159 160 
144 0 113 127 132 113 113 114 137 113 115 144 147 159 168 136 139 136 143 295 172 136 155 160 164 159 163 164 
126 113 0 117 125 117 112 113 158 113 113 146 146 152 161 167 139 138 142 292 143 168 157 172 161 160 158 161 
132 127 117 0 113 129 116 118 147 119 117 161 153 154 156 146 170 140 144 281 149 135 168 162 166 160 170 164 
119 132 125 113 0 113 125 114 165 113 117 136 155 151 147 143 147 165 141 290 137 145 175 161 154 164 156 157 
112 113 117 129 113 0 112 129 148 128 129 156 150 177 151 145 137 144 164 292 165 148 160 164 161 164 163 165 
121 113 112 116 125 112 0 112 162 115 122 161 161 157 174 147 145 136 148 298 138 165 161 163 162 163 169 165 
113 114 113 118 114 129 112 0 155 128 118 157 154 163 169 166 150 137 142 298 166 138 168 167 158 163 162 161 
137 137 158 147 165 148 162 155 0 138 154 120 113 124 134 164 118 113 116 292 119 151 157 166 162 165 158 163 
112 113 113 119 113 128 115 128 138 0 113 156 144 144 158 159 163 144 141 291 137 146 169 159 169 161 162 161 
112 115 113 117 117 129 122 118 154 113 0 137 164 153 144 137 161 163 145 300 159 137 158 170 155 162 166 160 
136 144 146 161 136 156 161 157 120 156 137 0 113 125 114 136 114 119 122 270 123 122 158 165 168 159 167 170 
143 147 146 153 155 150 161 154 113 144 164 113 0 113 123 148 135 113 122 292 117 123 159 155 156 169 160 159 
169 159 152 154 151 177 157 163 124 144 153 125 113 0 120 162 122 137 119 292 118 119 167 161 157 160 154 160 
136 168 161 156 147 151 174 169 134 158 144 114 123 120 0 138 120 118 120 273 117 126 163 165 170 157 163 155 
138 136 167 146 143 145 147 166 164 159 137 136 148 162 138 0 158 163 156 293 164 154 161 159 160 155 156 159 
142 139 139 170 147 137 145 150 118 163 161 114 135 122 120 158 0 115 124 291 114 127 166 161 171 163 163 155 
137 136 138 140 165 144 136 137 113 144 163 119 113 137 118 163 115 0 113 276 112 112 170 168 154 167 164 158 
145 143 142 144 141 164 148 142 116 141 145 122 122 119 120 156 124 113 0 272 127 122 173 160 155 158 164 160 
297 295 292 281 290 292 298 298 292 291 300 270 292 292 273 293 291 276 272 0 294 289 300 295 313 311 299 391 
138 172 143 149 137 165 138 166 119 137 159 123 117 118 117 164 114 112 127 294 0 113 164 157 156 156 170 156 
136 136 168 135 145 148 165 138 151 146 137 122 123 119 126 154 127 112 122 289 113 0 161 166 173 159 164 157 
158 155 157 168 175 160 161 168 157 169 158 158 159 167 163 161 166 170 173 300 164 161 0 136 129 126 129 128 
165 160 172 162 161 164 163 167 166 159 170 165 155 161 165 159 161 168 160 295 157 166 136 0 109 130 127 133 
158 164 161 166 154 161 162 158 162 169 155 168 156 157 170 160 171 154 155 313 156 173 129 109 0 132 116 133 
162 159 160 160 164 164 163 163 165 161 162 159 169 160 157 155 163 167 158 311 156 159 126 130 132 0 109 116 
159 163 158 170 156 163 169 162 158 162 166 167 160 154 163 156 163 164 164 299 170 164 129 127 116 109 0 132 
160 164 161 164 157 165 165 161 163 161 160 170 159 160 155 159 155 158 160 391 156 157 128 133 133 116 132 0 
Topology Data :
0 155 0 0 140 136 0 0 175 0 128 137 0 175 159 154 162 169 135 299 0 179 0 190 190 161 0 0 
193 0 194 0 172 180 0 179 226 0 192 223 0 242 233 259 218 216 218 541 0 238 0 239 252 234 0 0 
128 167 0 0 132 132 0 141 235 0 145 176 0 178 164 192 182 171 155 679 0 182 0 183 171 196 0 0 
0 0 0 0 0 0 0 0 0 0 0 0 0 0 0 0 0 0 0 0 0 0 0 0 0 0 0 0 
127 149 131 0 0 122 0 123 168 0 125 159 0 169 151 152 167 151 152 471 0 160 0 162 160 162 0 0 
137 191 163 0 123 0 0 135 166 0 135 164 0 183 189 160 162 185 149 373 0 167 0 170 170 178 0 0 
0 0 0 0 0 0 0 0 0 0 0 0 0 0 0 0 0 0 0 0 0 0 0 0 0 0 0 0 
0 0 0 0 0 0 0 0 0 0 0 0 0 0 0 0 0 0 0 0 0 0 0 0 0 0 0 0 
163 226 173 0 155 158 0 239 0 0 157 118 0 143 134 169 120 134 121 420 0 141 0 165 161 169 0 0 
0 0 0 0 0 0 0 0 0 0 0 0 0 0 0 0 0 0 0 0 0 0 0 0 0 0 0 0 
138 164 140 0 129 142 0 140 201 0 0 168 0 171 166 168 168 181 169 435 0 185 0 192 174 174 0 0 
149 259 169 0 154 155 0 158 125 0 152 0 0 127 124 153 112 122 112 531 0 132 0 163 160 163 0 0 
0 0 0 0 0 0 0 0 0 0 0 0 0 0 0 0 0 0 0 0 0 0 0 0 0 0 0 0 
163 213 176 0 163 167 0 164 143 0 167 125 0 0 134 163 122 136 124 569 0 141 0 173 180 181 0 0 
165 200 218 0 150 164 0 157 139 0 174 130 0 136 0 163 125 134 131 614 0 145 0 172 165 180 0 0 
162 213 171 0 154 170 0 178 182 0 164 157 0 168 168 0 155 161 164 381 0 172 0 175 169 174 0 0 
151 200 161 0 145 151 0 162 125 0 163 114 0 128 127 156 0 129 117 434 0 128 0 167 163 165 0 0 
154 196 183 0 167 176 0 161 138 0 180 125 0 146 130 170 119 0 131 427 0 138 0 171 169 174 0 0 
150 191 184 0 143 158 0 174 124 0 148 112 0 134 125 151 114 125 0 644 0 125 0 170 158 158 0 0 
338 730 639 0 631 463 0 550 350 0 364 463 0 571 341 564 402 507 341 0 0 463 0 620 423 428 0 0 
0 0 0 0 0 0 0 0 0 0 0 0 0 0 0 0 0 0 0 0 0 0 0 0 0 0 0 0 
148 241 176 0 196 228 0 170 150 0 210 133 0 145 142 176 147 152 138 451 0 0 0 180 184 191 0 0 
0 0 0 0 0 0 0 0 0 0 0 0 0 0 0 0 0 0 0 0 0 0 0 0 0 0 0 0 
169 236 197 0 168 171 0 179 171 0 171 175 0 171 170 172 161 172 161 938 0 180 0 0 130 129 0 0 
171 239 214 0 171 172 0 176 172 0 168 159 0 169 170 167 163 169 162 553 0 173 0 131 0 131 0 0 
177 223 182 0 163 172 0 178 178 0 170 160 0 174 185 173 163 178 162 507 0 210 0 129 130 0 0 0 
0 0 0 0 0 0 0 0 0 0 0 0 0 0 0 0 0 0 0 0 0 0 0 0 0 0 0 0 
0 0 0 0 0 0 0 0 0 0 0 0 0 0 0 0 0 0 0 0 0 0 0 0 0 0 0 0 
Node Data :
band_10 :4 :4 :4 :4 :5 :4 :4 :4 :4 :4 :3 :4 :4 :4 :4 :4 :4 :4 :4 :4 :4 :4 :4 :4 :4 :4 :4 :4 
band_150 :1 :1 :1 :1 :3 :1 :1 :1 :1 :1 :1 :1 :1 :1 :1 :1 :1 :1 :1 :1 :1 :1 :1 :1 :1 :1 :1 :1 
band_50 :2 :0 :2 :1 :2 :2 :2 :2 :2 :2 :2 :2 :2 :2 :2 :2 :2 :2 :2 :2 :2 :2 :2 :2 :2 :2 :2 :2 
corecount :0 :0 :0 :0 :0 :0 :0 :0 :0 :0 :0 :0 :0 :0 :0 :0 :0 :0 :0 :0 :0 :0 :2 :2 :2 :2 :2 :2 
cpucount :0 :0 :0 :0 :0 :0 :0 :0 :0 :0 :0 :0 :0 :0 :0 :0 :0 :0 :0 :0 :0 :0 :4 :4 :8 :4 :8 :4 
cpufreqcurrent :65 :60 :283 :65 :59 :65 :19 :68 :70 :58 :58 :54 :52 :78 :29 :190 :0 :65 :35 :67 :166 :12 :2272 :2321 :1566 :2305 :1566 :2321 
cpufreqmax :0 :0 :0 :0 :0 :0 :0 :0 :0 :0 :0 :0 :0 :0 :0 :0 :0 :0 :0 :0 :0 :0 :1807 :1806 :4600 :1806 :4600 :1806 
cpufreqmin :796 :796 :796 :796 :796 :796 :796 :796 :796 :796 :796 :796 :796 :796 :796 :796 :796 :796 :796 :796 :796 :796 :0 :0 :1596 :0 :1596 :0 
load_1 :0.124167 :0.115833 :0.2375 :0.103333 :0.16 :0.125 :0.116667 :0.131667 :0.245 :0.175 :0.115833 :0.405 :0.113333 :0.234167 :0.421667 :0.208333 :0.650833 :0.125833 :0.131667 :0.116667 :0.1975 :0.178333 :0.185 :0.1325 :0.3 :0.1875 :0.28 :0.15 
load_15 :0.119167 :0.341667 :0.214167 :0.354167 :0.254167 :0.1425 :0.155 :0.1275 :0.170833 :0.220833 :0.1325 :0.145833 :0.143333 :0.143333 :0.155833 :0.216667 :0.168333 :0.126667 :0.1225 :0.131667 :0.2 :0.130833 :0.2325 :0.16875 :0.335 :0.17625 :0.325 :0.17125 
load_5 :0.11 :0.394167 :0.230833 :0.404167 :0.3175 :0.126667 :0.114167 :0.1325 :0.185 :0.291667 :0.118333 :0.180833 :0.1375 :0.155833 :0.2125 :0.2075 :0.245833 :0.134167 :0.115 :0.120833 :0.19 :0.135 :0.2125 :0.14625 :0.3 :0.16875 :0.2925 :0.155 
memory :1.68154e+10 :1.68154e+10 :1.68153e+10 :1.68154e+10 :1.68154e+10 :1.68153e+10 :1.68154e+10 :1.68154e+10 :1.68154e+10 :1.68154e+10 :1.68154e+10 :1.68154e+10 :1.68154e+10 :1.68154e+10 :1.68154e+10 :1.68154e+10 :1.68154e+10 :1.68154e+10 :1.68154e+10 :1.68154e+10 :1.68154e+10 :1.68154e+10 :2.51038e+10 :2.5104e+10 :0 :2.51041e+10 :2.51028e+10 :2.5104e+10 
memory_10 :17611 :17010 :22574 :17167 :16518 :16526 :17096 :16488 :21947 :16459 :16909 :20926 :16583 :19575 :19552 :27882 :23104 :16439 :20704 :27926 :18546 :16850 :28400 :24993 :0 :25412 :24954 :25097 
memory_150 :17611 :17814 :22467 :18967 :17373 :17074 :17086 :16841 :21691 :16997 :17232 :16706 :16729 :16714 :18526 :27882 :19267 :16643 :20697 :27916 :18528 :16849 :28390 :24993 :0 :25411 :24953 :25097 
memory_50 :17610 :16995 :22514 :17143 :17793 :16522 :17087 :16937 :21641 :18128 :16909 :17310 :16810 :17015 :18676 :27886 :19832 :17000 :20701 :27923 :18541 :16849 :28397 :24993 :0 :25412 :24954 :25097 
node :3 :4 :6 :7 :9 :10 :11 :12 :13 :14 :15 :17 :18 :20 :21 :22 :23 :25 :28 :29 :30 :32 :33 :34 :35 :37 :38 :39 
nodeusers :6 :5 :2 :5 :6 :7 :6 :7 :0 :7 :5 :7 :7 :7 :3 :2 :5 :7 :5 :1 :6 :7 :2 :7 :7 :5 :7 :7 
processcount :4 :4 :4 :4 :4 :4 :4 :4 :4 :4 :4 :4 :4 :4 :4 :4 :4 :4 :4 :4 :4 :4 :4 :4 :4 :4 :4 :4 
util_10 :11 :10 :15 :11 :10 :10 :10 :11 :13 :11 :11 :9 :9 :11 :12 :19 :10 :10 :11 :10 :20 :10 :20 :14 :30 :15 :31 :15 
util_150 :10 :9 :14 :9 :10 :10 :9 :10 :11 :10 :10 :9 :10 :10 :10 :18 :10 :10 :9 :10 :18 :9 :20 :14 :27 :14 :27 :13 
util_50 :10 :5 :14 :5 :9 :9 :9 :10 :12 :10 :9 :10 :9 :10 :10 :18 :10 :10 :9 :10 :18 :9 :19 :13 :27 :13 :26 :13 

Compute Load
0::12.7125  1::17.9416  2::19.0813  3::18.2083  4::17.9631  5::12.6609  6::12.301  7::13.2023  8::17.6476  9::17.2763  10::11.8954  11::19.4393  12::12.3598  13::16.0122  14::21.1568  15::19.7522  16::26.1279  17::12.8203  18::13.2749  19::13.5321  20::18.5345  21::13.9161  22::19.7403  23::15.2444  24::23.8636  25::17.1244  26::26.138  27::16.0733  
Normalised Compute Load
0::0.0267069  1::0.0376923  2::0.0400867  3::0.0382528  4::0.0377376  5::0.0265984  6::0.0258424  7::0.0277359  8::0.0370747  9::0.0362947  10::0.0249903  11::0.0408388  12::0.025966  13::0.0336391  14::0.0444471  15::0.0414962  16::0.0548905  17::0.0269334  18::0.0278885  19::0.0284287  20::0.0389381  21::0.0292355  22::0.0414711  23::0.0320261  24::0.0501335  25::0.0359755  26::0.0549118  27::0.0337674  
Normalised Network Load :
0 :: 0 0.0563057 0.0150893 0.0553843 0.0137783 0.0136276 0.0139319 0.0133176 0.0464864 0.0128541 0.0136276 0.0491168 0.0492676 0.052811 0.0479566 0.0504306 0.0491908 0.0453262 0.0482609 0.0641864 0.0496571 0.0467964 0.046552 0.0459292 0.0341763 0.0174668 0.0288387 0.0196337 
0 :: 0 0.0646409 0.00773481 0.0646409 0.00662983 0.00718232 0.00662983 0.00662983 0.0513812 0.00607735 0.00718232 0.0552486 0.0546961 0.0569061 0.0535912 0.0569061 0.0546961 0.0497238 0.0530387 0.059116 0.0558011 0.0519337 0.0491713 0.0475138 0.0314917 0.00718232 0.0237569 0.0104972 
0 :: 0 0.0368569 0.0322498 0.0337855 0.0304582 0.0286665 0.0309701 0.0289224 0.0350653 0.0286665 0.0286665 0.0348093 0.036601 0.0432557 0.0348093 0.0353212 0.036345 0.0350653 0.0371129 0.0760174 0.0353212 0.0348093 0.0404402 0.0422319 0.0404402 0.041464 0.0406962 0.0409521 
1 :: 0.0368323 0 0.0344844 0.0355447 0.0359234 0.0344844 0.0344844 0.0345601 0.0363021 0.0344844 0.0346358 0.0368323 0.0370595 0.0379683 0.03865 0.0362264 0.0364536 0.0362264 0.0367565 0.0482688 0.0389529 0.0362264 0.0376654 0.0380441 0.038347 0.0379683 0.0382713 0.038347 
1 :: 0.037037 0 0.037037 0.037037 0.037037 0.037037 0.037037 0.037037 0.037037 0.037037 0.037037 0.037037 0.037037 0.037037 0.037037 0.037037 0.037037 0.037037 0.037037 0.037037 0.037037 0.037037 0.037037 0.037037 0.037037 0.037037 0.037037 0.037037 
1 :: 0.0363545 0 0.0285281 0.0320626 0.0333249 0.0285281 0.0285281 0.0287806 0.0345872 0.0285281 0.0290331 0.0363545 0.0371118 0.0401414 0.0424135 0.0343348 0.0350921 0.0343348 0.036102 0.0744761 0.0434234 0.0343348 0.0391315 0.0403938 0.0414037 0.0401414 0.0411512 0.0414037 
2 :: 0.0145756 0.0507773 0 0.0510796 0.013778 0.0128124 0.0127956 0.0132322 0.0393764 0.0125102 0.0132322 0.0442457 0.0464118 0.0468652 0.0486283 0.0498038 0.0451608 0.0483343 0.0479146 0.0614157 0.0483512 0.0495183 0.0331636 0.0458495 0.0442962 0.0351954 0.0350442 0.035632 
2 :: 0.00722022 0.0603404 0 0.0603404 0.00618876 0.00567303 0.00618876 0.00670449 0.0391955 0.00567303 0.00670449 0.0474471 0.0505415 0.0505415 0.0520887 0.0531202 0.0495101 0.0541516 0.0531202 0.0562145 0.0536359 0.0526044 0.0304281 0.0469314 0.0458999 0.0330067 0.0330067 0.0335224 
2 :: 0.031738 0.0284635 0 0.029471 0.0314861 0.029471 0.0282116 0.0284635 0.0397985 0.0284635 0.0284635 0.0367758 0.0367758 0.0382872 0.0405542 0.0420655 0.0350126 0.0347607 0.0357683 0.0735516 0.0360202 0.0423174 0.0395466 0.0433249 0.0405542 0.0403023 0.0397985 0.0405542 
3 :: 0.0357914 0.0354177 0.0346703 0 0.0343714 0.0355672 0.0345956 0.0347451 0.0369125 0.0348198 0.0346703 0.0379588 0.0373609 0.0374356 0.0375851 0.0368377 0.0386315 0.0363893 0.0366883 0.0469274 0.0370619 0.0360156 0.038482 0.0380335 0.0383325 0.0378841 0.0386315 0.038183 
3 :: 0.037037 0.037037 0.037037 0 0.037037 0.037037 0.037037 0.037037 0.037037 0.037037 0.037037 0.037037 0.037037 0.037037 0.037037 0.037037 0.037037 0.037037 0.037037 0.037037 0.037037 0.037037 0.037037 0.037037 0.037037 0.037037 0.037037 0.037037 
3 :: 0.0328849 0.0316393 0.029148 0 0.0281515 0.0321375 0.0288989 0.0293971 0.0366218 0.0296462 0.029148 0.0401096 0.0381166 0.0383657 0.038864 0.0363727 0.0423518 0.0348779 0.0358744 0.070005 0.0371201 0.0336323 0.0418535 0.0403587 0.0413553 0.0398605 0.0423518 0.040857 
4 :: 0.0134039 0.05279 0.0138584 0.0513506 0 0.0125836 0.0142241 0.0130251 0.0329807 0.0125836 0.0128866 0.0413898 0.0490465 0.0454519 0.0480747 0.0488689 0.0469775 0.0476097 0.0468887 0.0614681 0.0465857 0.0471917 0.0472701 0.046941 0.0442163 0.043511 0.0312017 0.0276202 
4 :: 0.00626959 0.0611285 0.00626959 0.0611285 0 0.00574713 0.00679206 0.00626959 0.0292581 0.00574713 0.00574713 0.0444096 0.0532915 0.0485893 0.0527691 0.0543365 0.0512017 0.0501567 0.0517241 0.0564263 0.0517241 0.0517241 0.0485893 0.0496343 0.0464995 0.0444096 0.0276907 0.022466 
4 :: 0.0300505 0.0333333 0.0315657 0.0285354 0 0.0285354 0.0315657 0.0287879 0.0416667 0.0285354 0.0295455 0.0343434 0.0391414 0.0381313 0.0371212 0.0361111 0.0371212 0.0416667 0.0356061 0.0732323 0.034596 0.0366162 0.0441919 0.0406566 0.0388889 0.0414141 0.0393939 0.0396465 
5 :: 0.0128367 0.0490043 0.0125143 0.0501936 0.012217 0 0.0124897 0.0137533 0.0283535 0.013679 0.0130592 0.0445654 0.0441194 0.043697 0.0455819 0.0465242 0.0445413 0.0429793 0.0479364 0.058839 0.0417639 0.0467471 0.046945 0.0468953 0.0463253 0.0468953 0.0443916 0.0431521 
5 :: 0.00644522 0.0580069 0.00545364 0.0580069 0.00545364 0 0.00594943 0.00594943 0.0247893 0.00594943 0.00495786 0.0470997 0.0470997 0.0436292 0.0490828 0.0510659 0.0490828 0.0461081 0.0510659 0.0530491 0.0421418 0.0510659 0.0500744 0.0495786 0.0490828 0.0495786 0.0461081 0.0441249 
5 :: 0.0277502 0.027998 0.0289891 0.0319623 0.027998 0 0.0277502 0.0319623 0.03667 0.0317146 0.0319623 0.0386521 0.0371655 0.0438553 0.0374133 0.0359267 0.0339445 0.0356789 0.0406343 0.0723489 0.0408821 0.03667 0.0396432 0.0406343 0.039891 0.0406343 0.0403865 0.0408821 
6 :: 0.0131087 0.0482612 0.0124376 0.0484849 0.0137475 0.0124376 0 0.0124376 0.0389774 0.0126613 0.0128428 0.0378815 0.0436694 0.0443925 0.0439579 0.0460301 0.0452 0.0445288 0.0440618 0.0589927 0.0439971 0.0473723 0.0467336 0.0468827 0.0468082 0.0417757 0.0459683 0.0463509 
6 :: 0.00583658 0.0569066 0.00583658 0.0569066 0.00632296 0.00583658 0 0.00583658 0.0384241 0.00583658 0.00535019 0.036965 0.0452335 0.0466926 0.0442607 0.0500973 0.0491245 0.0491245 0.047179 0.0525292 0.0481518 0.0500973 0.0496109 0.0496109 0.0496109 0.0423152 0.0476654 0.0486381 
6 :: 0.0300771 0.0280885 0.0278399 0.0288342 0.0310713 0.0278399 0 0.0278399 0.0402685 0.0285856 0.0303256 0.0400199 0.0400199 0.0390256 0.0432513 0.0365399 0.0360428 0.0338056 0.0367885 0.0740741 0.0343028 0.0410142 0.0400199 0.040517 0.0402685 0.040517 0.0420085 0.0410142 
7 :: 0.0126204 0.0495739 0.0129716 0.0498714 0.0126948 0.0138106 0.012546 0 0.0336573 0.0144387 0.0126411 0.0376696 0.0416612 0.0454918 0.0357524 0.0478223 0.0455784 0.0439089 0.0453346 0.0600999 0.0457149 0.0415247 0.0486735 0.0485991 0.0479297 0.0475991 0.0475247 0.0442893 
7 :: 0.00602107 0.0587055 0.00652283 0.0587055 0.00602107 0.00602107 0.00602107 0 0.0316106 0.00702459 0.00551932 0.03713 0.043151 0.0476668 0.0331159 0.0506774 0.0491721 0.0481686 0.0496739 0.0541897 0.0476668 0.0446563 0.0516809 0.0516809 0.0516809 0.0506774 0.0506774 0.0461616 
7 :: 0.0280188 0.0282668 0.0280188 0.0292586 0.0282668 0.0319861 0.0277709 0 0.0384329 0.0317382 0.0292586 0.0389288 0.038185 0.0404166 0.0419043 0.0411604 0.0371932 0.0339697 0.0352095 0.0738904 0.0411604 0.0342177 0.0416563 0.0414084 0.0391768 0.0404166 0.0401686 0.0399207 
8 :: 0.0508963 0.0614029 0.0450151 0.0621462 0.0367799 0.0328897 0.0466257 0.039101 0 0.0395885 0.0473444 0.014173 0.0145282 0.0162214 0.0156514 0.0568432 0.0140243 0.0132149 0.0143135 0.0685464 0.0145364 0.016915 0.0414386 0.054803 0.0466257 0.0420332 0.0415129 0.0528289 
8 :: 0.0581614 0.0731707 0.0475297 0.0731707 0.0350219 0.0312695 0.0494059 0.0393996 0 0.0419012 0.0512821 0.00750469 0.00875547 0.0100063 0.00813008 0.0637899 0.00750469 0.0068793 0.00813008 0.0669168 0.00813008 0.00813008 0.0425266 0.0606629 0.0494059 0.0425266 0.0425266 0.0581614 
8 :: 0.0339445 0.0339445 0.0391477 0.0364222 0.0408821 0.03667 0.0401388 0.0384044 0 0.0341923 0.0381566 0.0297324 0.027998 0.0307235 0.0332012 0.0406343 0.0292369 0.027998 0.0287413 0.0723489 0.0294846 0.0374133 0.0388999 0.0411298 0.0401388 0.0408821 0.0391477 0.0403865 
9 :: 0.0124789 0.0509606 0.0125548 0.0514156 0.0125548 0.0140546 0.0130688 0.0147792 0.0347405 0 0.0121925 0.0455258 0.0402679 0.0344708 0.0384311 0.0327098 0.0369987 0.0449781 0.0465622 0.0611982 0.0487951 0.046579 0.0508595 0.0493765 0.0486855 0.0488035 0.048517 0.0484412 
9 :: 0.00569358 0.060559 0.00569358 0.060559 0.00569358 0.00621118 0.00621118 0.00724638 0.0346791 0 0.00517598 0.0481366 0.0419255 0.0336439 0.0377847 0.0295031 0.0351967 0.0486542 0.0512422 0.0559006 0.0548654 0.0507246 0.0543478 0.0533126 0.0512422 0.0522774 0.0517598 0.0517598 
9 :: 0.0283114 0.0285642 0.0285642 0.0300809 0.0285642 0.0323559 0.0290698 0.0323559 0.0348837 0 0.0285642 0.0394338 0.0364004 0.0364004 0.0399393 0.0401921 0.0412032 0.0364004 0.0356421 0.0735592 0.0346309 0.036906 0.0427199 0.0401921 0.0427199 0.0406977 0.0409505 0.0406977 
10 :: 0.01326 0.0520454 0.0133354 0.0521961 0.0128953 0.0134288 0.0132721 0.0129706 0.0420077 0.0122231 0 0.0255253 0.0394244 0.0423031 0.0368049 0.0425804 0.0466136 0.0382367 0.0365095 0.0626498 0.0464628 0.0455465 0.0523197 0.0502579 0.0491275 0.0500258 0.050698 0.0472797 
10 :: 0.00688559 0.0619703 0.00688559 0.0619703 0.00582627 0.00529661 0.00582627 0.00582627 0.0434322 0.00529661 0 0.0217161 0.0386653 0.0439619 0.0370763 0.0460805 0.0492585 0.0370763 0.0365466 0.0572034 0.0492585 0.0503178 0.0577331 0.0534958 0.0534958 0.0540254 0.0545551 0.0503178 
10 :: 0.0281336 0.0288872 0.0283848 0.0293896 0.0293896 0.0324039 0.0306456 0.0296408 0.0386837 0.0283848 0 0.0344135 0.0411957 0.0384326 0.0361718 0.0344135 0.0404421 0.0409445 0.036423 0.075358 0.0399397 0.0344135 0.0396885 0.0427028 0.0389349 0.0406933 0.0416981 0.0401909 
11 :: 0.0521321 0.0598476 0.0495453 0.0611371 0.0458597 0.0515583 0.0439926 0.0428528 0.0141203 0.050722 0.0275365 0 0.0140075 0.0140814 0.013247 0.0487868 0.013247 0.0136263 0.0146902 0.0652235 0.014766 0.014272 0.0387471 0.0560045 0.0466143 0.0430045 0.0436114 0.046766 
11 :: 0.0597372 0.0698925 0.0549582 0.0698925 0.0507766 0.0567503 0.0454002 0.0442055 0.00716846 0.0555556 0.0244922 0 0.00776583 0.00657109 0.00657109 0.0549582 0.00657109 0.00657109 0.00776583 0.0639188 0.00776583 0.00716846 0.0382318 0.0621266 0.0483871 0.0442055 0.0442055 0.0483871 
11 :: 0.0343869 0.0364096 0.0369153 0.040708 0.0343869 0.0394437 0.040708 0.0396966 0.0303413 0.0394437 0.0346397 0 0.0285714 0.0316056 0.0288243 0.0343869 0.0288243 0.0300885 0.030847 0.068268 0.0310999 0.030847 0.0399494 0.0417193 0.0424779 0.0402023 0.042225 0.0429836 
12 :: 0.0512389 0.0588997 0.0510558 0.0593512 0.0533685 0.0501301 0.0501401 0.0467512 0.0142269 0.0439544 0.0421882 0.0138181 0 0.0130003 0.0133439 0.0213582 0.0150646 0.0130003 0.0136775 0.0653125 0.0128924 0.0137527 0.0540784 0.0378311 0.0428129 0.0536042 0.0517003 0.0434475 
12 :: 0.0578271 0.0683411 0.057243 0.0683411 0.0595794 0.0554907 0.0543224 0.0502336 0.00817757 0.0473131 0.0426402 0.00759346 0 0.00642523 0.00584112 0.0146028 0.00700935 0.00642523 0.00642523 0.0619159 0.00584112 0.00642523 0.0601636 0.0373832 0.0443925 0.0584112 0.0566589 0.0449766 
12 :: 0.0358666 0.0368698 0.036619 0.0383747 0.0388763 0.0376223 0.0403812 0.0386255 0.0283421 0.0361174 0.0411337 0.0283421 0 0.0283421 0.0308503 0.0371206 0.03386 0.0283421 0.0305994 0.073238 0.0293454 0.0308503 0.0398796 0.0388763 0.0391272 0.0423878 0.0401304 0.0398796 
13 :: 0.0524547 0.0571654 0.049263 0.0567986 0.0472452 0.0472083 0.048852 0.0489034 0.0153198 0.0358427 0.043503 0.0134487 0.0125683 0 0.012693 0.0480522 0.0136175 0.0151069 0.0126196 0.0630344 0.0125463 0.0130085 0.0495857 0.04759 0.0465187 0.0420721 0.0451319 0.0498499 
13 :: 0.0572222 0.065 0.0544444 0.065 0.0516667 0.0488889 0.0533333 0.0527778 0.00888889 0.0361111 0.0461111 0.00611111 0.00611111 0 0.00555556 0.0516667 0.00666667 0.00722222 0.00555556 0.0594444 0.00555556 0.00611111 0.0533333 0.0511111 0.05 0.0433333 0.0483333 0.0544444 
13 :: 0.0413304 0.0388848 0.0371729 0.037662 0.0369283 0.0432869 0.0383957 0.039863 0.0303253 0.0352164 0.0374175 0.0305698 0.0276351 0 0.029347 0.0396185 0.0298361 0.0335045 0.0291025 0.0714111 0.0288579 0.0291025 0.0408413 0.0393739 0.0383957 0.0391294 0.037662 0.0391294 
14 :: 0.0495987 0.0601192 0.053084 0.0592281 0.0520444 0.051527 0.0499772 0.0394256 0.0152443 0.0414593 0.039198 0.0129447 0.0132058 0.012983 0 0.0306082 0.0133902 0.0132417 0.0142047 0.0638441 0.0131675 0.0146502 0.048346 0.0546027 0.051309 0.0479004 0.036944 0.0477519 
14 :: 0.0564282 0.0680628 0.0587551 0.0680628 0.0587551 0.0575916 0.0529378 0.0383944 0.00756254 0.0424666 0.0407213 0.00639907 0.00581734 0.00581734 0 0.0290867 0.00639907 0.00639907 0.00756254 0.0622455 0.00639907 0.00756254 0.0517743 0.0605003 0.0552647 0.0517743 0.0354857 0.0517743 
14 :: 0.0336634 0.0415842 0.0398515 0.0386139 0.0363861 0.0373762 0.0430693 0.0418317 0.0331683 0.0391089 0.0356436 0.0282178 0.0304455 0.029703 0 0.0341584 0.029703 0.0292079 0.029703 0.0675743 0.0289604 0.0311881 0.0403465 0.0408416 0.0420792 0.0388614 0.0403465 0.0383663 
15 :: 0.0414437 0.0456184 0.0434811 0.046321 0.0421032 0.0419355 0.042076 0.0427944 0.0429621 0.0287403 0.0364417 0.0379126 0.018104 0.0400475 0.0251073 0 0.0274371 0.0361107 0.0325366 0.0535665 0.0367975 0.038869 0.0150103 0.0333638 0.0414482 0.0410969 0.0380848 0.0305897 
15 :: 0.0453545 0.0515192 0.0453545 0.0515192 0.0457948 0.0453545 0.0453545 0.0444738 0.0449141 0.0250991 0.0383091 0.0405108 0.0110084 0.0409511 0.0220167 0 0.0233377 0.0352268 0.0308234 0.0471158 0.0361074 0.0400705 0.00528402 0.0317041 0.0431528 0.0431528 0.0387494 0.0277411 
15 :: 0.0323185 0.0318501 0.0391101 0.034192 0.0334895 0.0339578 0.0344262 0.0388759 0.0384075 0.0372365 0.0320843 0.0318501 0.0346604 0.0379391 0.0323185 0 0.0370023 0.0381733 0.036534 0.0686183 0.0384075 0.0360656 0.0377049 0.0372365 0.0374707 0.0362998 0.036534 0.0372365 
16 :: 0.0496437 0.0565139 0.0482368 0.0588331 0.0496236 0.0492696 0.0506564 0.0498481 0.0135577 0.0389963 0.0487003 0.0128643 0.0148295 0.0138569 0.0133131 0.0327101 0 0.0129391 0.0132182 0.0635499 0.0132584 0.014231 0.0384325 0.0514593 0.0466894 0.0496382 0.0508206 0.04431 
16 :: 0.0557432 0.0658784 0.0540541 0.0658784 0.0551802 0.0557432 0.0568694 0.0551802 0.00675676 0.0382883 0.0523649 0.00619369 0.00675676 0.00675676 0.00619369 0.0298423 0 0.00619369 0.00563063 0.0596847 0.00675676 0.00675676 0.0371622 0.0563063 0.0484234 0.053491 0.0551802 0.0467342 
16 :: 0.0354115 0.0346633 0.0346633 0.042394 0.0366584 0.0341646 0.0361596 0.0374065 0.0294264 0.0406484 0.0401496 0.0284289 0.0336658 0.0304239 0.0299252 0.0394015 0 0.0286783 0.0309227 0.0725686 0.0284289 0.0316708 0.0413965 0.0401496 0.0426434 0.0406484 0.0406484 0.0386534 
17 :: 0.0464445 0.0571494 0.0525109 0.0574561 0.0509877 0.0481793 0.0507603 0.0488404 0.0130581 0.0485786 0.0404521 0.0135182 0.0130581 0.0156972 0.0134415 0.0444452 0.0132115 0 0.0126588 0.0634931 0.0129814 0.0125821 0.0194259 0.0524157 0.0473489 0.0487451 0.0513103 0.0512495 
17 :: 0.0513406 0.0667427 0.0598973 0.0667427 0.0547633 0.0530519 0.0576155 0.0547633 0.00627496 0.0536224 0.0399315 0.00627496 0.00627496 0.00741586 0.00627496 0.0456361 0.00627496 0 0.00570451 0.0604678 0.00627496 0.00570451 0.00912721 0.0564746 0.0507701 0.0513406 0.0553337 0.0559042 
17 :: 0.0350204 0.0347648 0.0352761 0.0357873 0.0421779 0.0368098 0.0347648 0.0350204 0.0288855 0.0368098 0.0416667 0.0304192 0.0288855 0.0350204 0.0301636 0.0416667 0.0293967 0 0.0288855 0.0705521 0.0286299 0.0286299 0.043456 0.0429448 0.0393661 0.0426892 0.0419223 0.0403885 
18 :: 0.0491631 0.0573488 0.0517139 0.0574249 0.0500495 0.0533899 0.0497887 0.0501257 0.0139986 0.0500495 0.0384427 0.0144557 0.0136616 0.013036 0.0143034 0.0396777 0.0134169 0.0125789 0 0.0628085 0.0136455 0.0148528 0.0516932 0.0459382 0.0451603 0.0493593 0.0236111 0.0503058 
18 :: 0.0544526 0.0663642 0.0584231 0.0663642 0.0561543 0.0584231 0.0550199 0.0561543 0.00737379 0.0561543 0.0391378 0.00737379 0.00623936 0.00567215 0.00737379 0.039705 0.00567215 0.00567215 0 0.0601248 0.00567215 0.00794101 0.0550199 0.0482133 0.0476461 0.0533182 0.015882 0.0544526 
18 :: 0.0368207 0.0363128 0.0360589 0.0365668 0.035805 0.0416455 0.0375825 0.0360589 0.0294566 0.035805 0.0368207 0.0309802 0.0309802 0.0302184 0.0304723 0.039614 0.0314881 0.0286948 0 0.0690706 0.0322499 0.0309802 0.0439309 0.0406298 0.0393601 0.0401219 0.0416455 0.0406298 
19 :: 0.0369173 0.0392484 0.0372105 0.0387219 0.0368947 0.0367293 0.0371955 0.0371955 0.0367293 0.0369323 0.0372707 0.0359019 0.0364886 0.0367293 0.0360147 0.0367669 0.036451 0.0358869 0.0357365 0 0.0365638 0.0363758 0.0367895 0.0368421 0.037519 0.0374438 0.0369925 0.0404525 
19 :: 0.0367824 0.04022 0.0374699 0.04022 0.0371262 0.0367824 0.0371262 0.0371262 0.0367824 0.0371262 0.0371262 0.0367824 0.0364386 0.0367824 0.0367824 0.0367824 0.0364386 0.0364386 0.0364386 0 0.0364386 0.0364386 0.0364386 0.0367824 0.0367824 0.0367824 0.0367824 0.0367824 
19 :: 0.037232 0.0369813 0.0366052 0.0352263 0.0363545 0.0366052 0.0373574 0.0373574 0.0366052 0.0364799 0.0376081 0.0338473 0.0366052 0.0366052 0.0342234 0.0367306 0.0364799 0.0345995 0.034098 0 0.036856 0.0362292 0.0376081 0.0369813 0.0392378 0.0389871 0.0374828 0.0490159 
20 :: 0.0524327 0.0616536 0.054058 0.0599204 0.051525 0.0478086 0.0516003 0.0520457 0.0143778 0.0544382 0.0506858 0.0146793 0.0129786 0.013054 0.0133948 0.0464847 0.0135849 0.013018 0.0137322 0.0662694 0 0.0135095 0.0402422 0.0417955 0.0458819 0.0450495 0.0377811 0.0179984 
20 :: 0.0600476 0.06956 0.0618312 0.06956 0.0588585 0.0505351 0.0588585 0.0564804 0.00772889 0.0630202 0.0552913 0.00772889 0.0059453 0.0059453 0.00653983 0.0487515 0.00713436 0.00653983 0.0059453 0.0630202 0 0.00713436 0.0398335 0.0428062 0.0487515 0.0475624 0.0356718 0.00891795 
20 :: 0.0346647 0.0432052 0.0359206 0.0374278 0.0344135 0.0414469 0.0346647 0.0416981 0.029892 0.0344135 0.0399397 0.0308968 0.0293896 0.0296408 0.0293896 0.0411957 0.028636 0.0281336 0.0319015 0.0738508 0 0.0283848 0.0411957 0.0394373 0.0391861 0.0391861 0.0427028 0.0391861 
21 :: 0.04808 0.0573436 0.053707 0.0572684 0.0507702 0.0526067 0.0538843 0.0462165 0.0165836 0.0504426 0.048558 0.0140015 0.0136739 0.0133733 0.0147048 0.0482245 0.0143772 0.0124445 0.014807 0.0644112 0.0133251 0 0.0290152 0.0511401 0.0387778 0.0457809 0.0433373 0.033145 
21 :: 0.0540852 0.0673188 0.0586881 0.0673188 0.056962 0.0592635 0.0592635 0.0512083 0.00747986 0.0563867 0.0546605 0.00690449 0.00632911 0.00632911 0.00747986 0.052359 0.00690449 0.00575374 0.00805524 0.0609896 0.00690449 0 0.0241657 0.0552359 0.0368239 0.0483314 0.0443038 0.0304948 
21 :: 0.0340681 0.0340681 0.0420842 0.0338176 0.0363226 0.0370741 0.0413327 0.0345691 0.0378257 0.0365731 0.0343186 0.0305611 0.0308116 0.0298096 0.0315631 0.0385772 0.0318136 0.0280561 0.0305611 0.0723948 0.0283066 0 0.0403307 0.0415832 0.0433367 0.0398297 0.0410822 0.0393287 
22 :: 0.0438647 0.0540514 0.0326615 0.0549426 0.0465148 0.0484557 0.0488954 0.0497464 0.0360019 0.0505573 0.0512878 0.0345858 0.0491294 0.0470798 0.0442075 0.0154913 0.0358765 0.017593 0.0478623 0.0599093 0.0361106 0.026626 0 0.0137775 0.0136687 0.0130919 0.0136687 0.0143425 
22 :: 0.0471898 0.0620361 0.0312831 0.0620361 0.0493107 0.0535525 0.0540827 0.0546129 0.0360551 0.0556734 0.0577943 0.0339343 0.0546129 0.0509014 0.0471898 0.00636267 0.0349947 0.00848356 0.0514316 0.0562036 0.0355249 0.0222694 0 0.00636267 0.0068929 0.00636267 0.0068929 0.00795334 
22 :: 0.036106 0.0354205 0.0358775 0.0383912 0.0399909 0.0365631 0.0367916 0.0383912 0.0358775 0.0386197 0.036106 0.036106 0.0363346 0.0381627 0.0372486 0.0367916 0.0379342 0.0388483 0.0395338 0.0685558 0.0374771 0.0367916 0 0.0310786 0.029479 0.0287934 0.029479 0.0292505 
23 :: 0.0391056 0.0487612 0.0412006 0.048899 0.0417333 0.0435528 0.0441291 0.0447272 0.0427228 0.0441762 0.0442886 0.044912 0.0313201 0.0407656 0.044912 0.0341762 0.0433462 0.0435057 0.0384386 0.0548329 0.0340385 0.0424002 0.0132374 0 0.0117004 0.0131467 0.0122949 0.0136759 
23 :: 0.0396313 0.0539171 0.0419355 0.0539171 0.0437788 0.0460829 0.0470046 0.0474654 0.0447005 0.0474654 0.0465438 0.0479263 0.0294931 0.0423963 0.0479263 0.0331797 0.0460829 0.0456221 0.0391705 0.0493088 0.0331797 0.0442396 0.00552995 0 0.00599078 0.00599078 0.00506912 0.00645161 
23 :: 0.0378788 0.0367309 0.0394858 0.0371901 0.0369605 0.0376492 0.0374197 0.0383379 0.0381084 0.0365014 0.0390266 0.0378788 0.0355831 0.0369605 0.0378788 0.0365014 0.0369605 0.0385675 0.0367309 0.0677227 0.0360422 0.0381084 0.0312213 0 0.025023 0.0298439 0.0291552 0.0305326 
24 :: 0.0302053 0.0508725 0.041214 0.0510114 0.0407281 0.0445891 0.045671 0.0457309 0.0379082 0.0451444 0.0448476 0.0389997 0.0364792 0.0412738 0.0438637 0.0441822 0.0408955 0.0407281 0.0391099 0.0578398 0.0385043 0.0336091 0.0133418 0.0119536 0 0.0138876 0.0137895 0.0136195 
24 :: 0.0274831 0.0564127 0.0429122 0.0564127 0.0429122 0.0477338 0.0491803 0.0496625 0.0380906 0.0477338 0.0486982 0.039055 0.0366442 0.0433944 0.0458052 0.0472517 0.0414658 0.0429122 0.0405014 0.0515911 0.0395371 0.0308582 0.00626808 0.00626808 0 0.00675024 0.00819672 0.00626808 
24 :: 0.0365571 0.0379454 0.0372513 0.0384081 0.0356317 0.0372513 0.0374826 0.0365571 0.0374826 0.0391023 0.035863 0.0388709 0.0360944 0.0363258 0.0393336 0.0370199 0.039565 0.0356317 0.035863 0.0724202 0.0360944 0.0400278 0.0298473 0.0252198 0 0.0305414 0.0268394 0.0307728 
25 :: 0.015799 0.0517731 0.0334033 0.0518427 0.0409879 0.0462066 0.0416141 0.0464849 0.035143 0.0463457 0.0467632 0.0368128 0.0465546 0.0382741 0.0418923 0.0448843 0.0443974 0.0429363 0.0437015 0.058874 0.0386915 0.0402919 0.0129453 0.0135716 0.0140587 0 0.0124578 0.0132929 
25 :: 0.00646123 0.0581511 0.0318091 0.0581511 0.0422465 0.0497018 0.0432406 0.0501988 0.0337972 0.0501988 0.0506958 0.0367793 0.0497018 0.0387674 0.0442346 0.0487078 0.0472167 0.0447316 0.0467197 0.0531809 0.0397614 0.0417495 0.00596421 0.00646123 0.00695825 0 0.00695825 0.00745527 
25 :: 0.037587 0.036891 0.037123 0.037123 0.038051 0.038051 0.037819 0.037819 0.0382831 0.037355 0.037587 0.036891 0.0392111 0.037123 0.0364269 0.0359629 0.037819 0.0387471 0.0366589 0.0721578 0.0361949 0.036891 0.0292343 0.0301624 0.0306265 0 0.02529 0.0269142 
26 :: 0.0268761 0.0544169 0.0345436 0.0549026 0.0303521 0.0455747 0.0478332 0.0484527 0.0360172 0.0480843 0.0494671 0.0388523 0.0468402 0.0427397 0.0337853 0.0432469 0.0474169 0.0471178 0.0216968 0.0601705 0.0339026 0.0397494 0.0137416 0.012866 0.0143131 0.0127221 0 0.0143182 
26 :: 0.0226316 0.0615789 0.0336842 0.0615789 0.0278947 0.0489474 0.0515789 0.0531579 0.0357895 0.0526316 0.0542105 0.0389474 0.0510526 0.0457895 0.0321053 0.0463158 0.0515789 0.0510526 0.0147368 0.0563158 0.0315789 0.0405263 0.00684211 0.00578947 0.00894737 0.00736842 0 0.00736842 
26 :: 0.03678 0.0377053 0.0365487 0.0393245 0.0360861 0.0377053 0.0390932 0.037474 0.0365487 0.037474 0.0383993 0.0386306 0.0370113 0.0356234 0.0377053 0.0360861 0.0377053 0.0379366 0.0379366 0.0691649 0.0393245 0.0379366 0.0298404 0.0293777 0.0268332 0.025214 0 0.0305344 
27 :: 0.0180484 0.0551828 0.035419 0.0551828 0.0268714 0.044719 0.0488565 0.0455748 0.0460873 0.048584 0.0466351 0.0420505 0.0397964 0.0477636 0.0440376 0.0345305 0.0417808 0.0476273 0.0470113 0.0668881 0.0162712 0.0306328 0.0143635 0.014328 0.0139518 0.0135458 0.0142599 0 
27 :: 0.0102096 0.0628694 0.0349275 0.0628694 0.0231059 0.0478238 0.0537346 0.0494358 0.0499731 0.0537346 0.0510478 0.043525 0.0413756 0.0526599 0.0478238 0.0338528 0.0445997 0.0526599 0.0515852 0.057496 0.00806018 0.0284793 0.00806018 0.00752284 0.00698549 0.00806018 0.00752284 0 
27 :: 0.0363389 0.0372473 0.036566 0.0372473 0.0356575 0.0374744 0.0374744 0.036566 0.0370202 0.036566 0.0363389 0.03861 0.0361117 0.0363389 0.0352033 0.0361117 0.0352033 0.0358846 0.0363389 0.0888031 0.0354304 0.0356575 0.0290711 0.0302067 0.0302067 0.0263457 0.0299796 0 

Nodes
3 4 6 7 9 10 11 12 13 14 15 17 18 20 21 22 23 25 28 29 30 32 33 34 35 37 38 39 
csews3 csews4 csews6 csews7 csews9 csews10 csews11 csews12 csews13 csews14 csews15 csews17 csews18 csews20 csews21 csews22 csews23 csews25 csews28 csews29 csews30 csews32 csews33 csews34 csews35 csews37 csews38 csews39 
Computation, Network each node star:

3 || 0.0315008 || 5.5 || 56
4 || 0.0388895 || 58.5 || 56.5
6 || 0.0381907 || 5.5 || 56.5
7 || 0.0379952 || 58.5 || 56.5
9 || 0.032168 || 5.5 || 56.5
10 || 0.032168 || 5.5 || 56.5
11 || 0.0329645 || 6 || 56
12 || 0.0267891 || 6 || 56
13 || 0.032004 || 5.5 || 56.5
14 || 0.0306425 || 5 || 56.5
15 || 0.0306425 || 5 || 56.5
17 || 0.0426429 || 5.5 || 57
18 || 0.032452 || 5 || 58.5
20 || 0.0362886 || 5 || 59
21 || 0.0426429 || 5.5 || 57
22 || 0.0414836 || 6 || 80.5
23 || 0.0478647 || 5.5 || 57
25 || 0.0280844 || 5 || 56
28 || 0.0274109 || 5 || 56.5
29 || 0.0281586 || 53 || 136
30 || 0.032452 || 5 || 58.5
32 || 0.0280844 || 5 || 56
33 || 0.0387233 || 6 || 63
34 || 0.0410798 || 6.5 || 54.5
35 || 0.0410798 || 6.5 || 54.5
37 || 0.0454436 || 7 || 54.5
38 || 0.0454436 || 7 || 54.5
39 || 0.0348715 || 7.5 || 58
Min Load:0.023095 28
Computation, Network each node star:

3 || 0.0258486 || 6.5 || 56
4 || 0.0313413 || 58.5 || 57.5
6 || 0.0329645 || 6 || 56
7 || 0.0316216 || 58.5 || 58.5
9 || 0.031364 || 5.5 || 58.5
10 || 0.0262204 || 6 || 56
11 || 0.0254163 || 5.5 || 61
12 || 0.0263631 || 5.5 || 59
13 || 0.032004 || 5.5 || 56.5
14 || 0.0306425 || 5 || 56.5
15 || 0.0254163 || 5.5 || 61
17 || 0.0334024 || 6.5 || 56.5
18 || 0.0264497 || 5.5 || 56.5
20 || 0.0298025 || 5.5 || 56.5
21 || 0.0352065 || 5 || 61.5
22 || 0.0337311 || 12.5 || 74
23 || 0.0409119 || 5.5 || 57.5
25 || 0.0264497 || 5.5 || 56.5
28 || 0.0274109 || 5 || 56.5
29 || 0.027681 || 53 || 138
30 || 0.032452 || 5 || 58.5
32 || 0.0280844 || 5 || 56
33 || 0.0367486 || 6 || 68
34 || 0.0328967 || 7 || 66.5
35 || 0.0410798 || 6.5 || 54.5
37 || 0.0313412 || 6.5 || 81
38 || 0.0434689 || 5.5 || 63.5
39 || 0.0328967 || 7 || 66.5
Min Load:0.0237215 28

Allocated Nodes
csews28:4
csews25:4


Allocated Nodes
csews28:4
csews25:4


NODES ALLOCATION WITH MAX COMPUTE
csews15
csews11



======================================================================
proc count : 8 BINARY : /users/btech/akashish/UGP/allocator/miniAMR --num_refine 4 --max_blocks 9000 --npx 2 --npy 2 --npz 2 --nx 12 --ny 12 --nz 12 --num_objects 1 --object 2 0 -1.71 -1.71 -1.71 0.04 0.04 0.04 1.7 1.7 1.7 0.0 0.0 0.0 --num_tsteps 10 --checksum_freq 1
======================================================================
======================================================================
csews3 csews4 csews6 csews7 csews9 csews10 csews11 csews12 csews13 csews14 csews15 csews17 csews18 csews20 csews21 csews22 csews23 csews29 csews30 csews32 csews33 csews34 csews35 csews37 csews38 csews39 
Number of hosts: 26
Usage: <executable> <number of hosts> <ppn>
Usage: <executable> <number of hosts> <ppn>
