
Number of blocks at level 0 at timestep 0 is 8
Number of blocks at level 1 at timestep 0 is 0
Number of blocks at level 2 at timestep 0 is 0
Number of blocks at level 3 at timestep 0 is 0
Number of blocks at level 4 at timestep 0 is 0
Total number of blocks at timestep 0 is 8

Number of blocks at level 0 at timestep 5 is 8
Number of blocks at level 1 at timestep 5 is 0
Number of blocks at level 2 at timestep 5 is 0
Number of blocks at level 3 at timestep 5 is 0
Number of blocks at level 4 at timestep 5 is 0
Total number of blocks at timestep 5 is 8

Number of blocks at level 0 at timestep 10 is 8
Number of blocks at level 1 at timestep 10 is 0
Number of blocks at level 2 at timestep 10 is 0
Number of blocks at level 3 at timestep 10 is 0
Number of blocks at level 4 at timestep 10 is 0
Total number of blocks at timestep 10 is 8


 ================ Start report ===================

          Mantevo miniAMR
          version 1.4.3

Run on 8 ranks arranged in a 2 x 2 x 2 grid
initial blocks per rank 1 x 1 x 1
block size 12 x 12 x 12
Initial ranks arranged by RCB across machine

Maximum number of blocks per rank is 9000
Number of levels of refinement is 4
Blocks can change by 4 levels per refinement step

Blocks will be refined by 1 objects

Object 0 is the surface of a spheroid
Oject may leave mesh
Center starting at -1.710000 -1.710000 -1.710000
Center end at -1.310000 -1.310000 -1.310000
Moving at 0.040000 0.040000 0.040000 per timestep
   Rate relative to smallest cell size 30.720000 30.720000 30.720000
Initial size 1.700000 1.700000 1.700000
Final size 1.700000 1.700000 1.700000
Size increasing 0.000000 0.000000 0.000000 per timestep
   Rate relative to smallest cell size 0.000000 0.000000 0.000000


Number of timesteps is 10
Communicaion/computation stages per timestep is 20
Communication will be performed with nonblocking sends
Will perform checksums every 1 stages
Will refine every 5 timesteps
Load balance when inbalanced by 0%
Will not plot results
Calculate on 40 variables with 7 point stencil
Communicate 40 variables at a time
Error tolorance for variable sums is 10^(-8)

Total time for test: ave, std, min, max (sec): 2.958791 0.000004 2.958788 2.958801


Number of malloc calls: ave, std, min, max (sec): 75969075.000000 0.000000 75969075.000000 75969075.000000

Amount malloced: ave, std, min, max: 13256152248.000000 0.000000 13256152248.000000 13256152248.000000

Malloc calls in init: ave, std, min, max (sec): 75969075.000000 0.000000 75969075.000000 75969075.000000

Amount malloced in init: ave, std, min, max: 13256152248.000000 0.000000 13256152248.000000 13256152248.000000

Malloc calls in timestepping: ave, std, min, max (sec): 0.000000 0.000000 0.000000 0.000000

Amount malloced in timestepping: ave, std, min, max: 0.000000 0.000000 0.000000 0.000000

---------------------------------------------
          Computational Performance
---------------------------------------------

     Time: ave, stddev, min, max (sec): 0.325069 0.380373 0.021484 0.816630

     total GFLOPS:             2.217926
     Average GFLOPS per rank:  0.277241

     Total floating point ops: 774144000.000000

        Adds:                  663552000.000000
        Muls:                  0.000000
        Divides:               110592000.000000

---------------------------------------------
           Interblock communication
---------------------------------------------

     Time: ave, stddev, min, max (sec): 0.386687 0.002784 0.379330 0.387994


Total communication:

                              average    stddev  minimum  maximum
     Total                  : 0.386660 0.002786 0.379298 0.387959
     Post IRecv             : 0.000302 0.000014 0.000283 0.000316
     Pack faces             : 0.004517 0.000118 0.004379 0.004747
     Send messages          : 0.002510 0.000062 0.002396 0.002608
     Exchange same level    : 0.000014 0.000001 0.000012 0.000016
     Exchange diff level    : 0.000000 0.000000 0.000000 0.000000
     Apply BC               : 0.005401 0.000156 0.005205 0.005688
     Wait time              : 0.368804 0.002884 0.361308 0.370550
     Unpack faces           : 0.004987 0.000234 0.004690 0.005422

     Messages received      : 600.000000 0.000000 600.000000 600.000000
     Bytes received         : 27648000.000000 0.000000 27648000.000000 27648000.000000
     Faces received         : 600.000000 0.000000 600.000000 600.000000
     Messages sent          : 600.000000 0.000000 600.000000 600.000000
     Bytes sent             : 27648000.000000 0.000000 27648000.000000 27648000.000000
     Faces sent             : 600.000000 0.000000 600.000000 600.000000
     Faces exchanged same   : 0.000000 0.000000 0.000000 0.000000
     Faces exchanged diff   : 0.000000 0.000000 0.000000 0.000000
     Faces with BC applied  : 600.000000 0.000000 600.000000 600.000000

X direction communication statistics:

                              average    stddev  minimum  maximum
     Total                  : 0.304804 0.005781 0.296492 0.312428
     Post IRecv             : 0.000025 0.000006 0.000017 0.000036
     Pack faces             : 0.000894 0.000019 0.000876 0.000937
     Send messages          : 0.001584 0.000044 0.001505 0.001662
     Exchange same level    : 0.000005 0.000001 0.000003 0.000007
     Exchange diff level    : 0.000000 0.000000 0.000000 0.000000
     Apply BC               : 0.000944 0.000024 0.000909 0.000984
     Wait time              : 0.300603 0.005794 0.292274 0.308265
     Unpack faces           : 0.000710 0.000027 0.000678 0.000759

     Messages received      : 200.000000 0.000000 200.000000 200.000000
     Bytes received         : 9216000.000000 0.000000 9216000.000000 9216000.000000
     Faces received         : 200.000000 0.000000 200.000000 200.000000
     Messages sent          : 200.000000 0.000000 200.000000 200.000000
     Bytes sent             : 9216000.000000 0.000000 9216000.000000 9216000.000000
     Faces sent             : 200.000000 0.000000 200.000000 200.000000
     Faces exchanged same   : 0.000000 0.000000 0.000000 0.000000
     Faces exchanged diff   : 0.000000 0.000000 0.000000 0.000000
     Faces with BC applied  : 200.000000 0.000000 200.000000 200.000000

Y direction communication statistics:

                              average    stddev  minimum  maximum
     Total                  : 0.038973 0.005290 0.031989 0.048096
     Post IRecv             : 0.000136 0.000013 0.000113 0.000159
     Pack faces             : 0.001250 0.000032 0.001204 0.001302
     Send messages          : 0.000459 0.000012 0.000443 0.000474
     Exchange same level    : 0.000005 0.000001 0.000003 0.000006
     Exchange diff level    : 0.000000 0.000000 0.000000 0.000000
     Apply BC               : 0.001323 0.000074 0.001237 0.001449
     Wait time              : 0.034778 0.005308 0.027832 0.043860
     Unpack faces           : 0.000981 0.000037 0.000916 0.001040

     Messages received      : 200.000000 0.000000 200.000000 200.000000
     Bytes received         : 9216000.000000 0.000000 9216000.000000 9216000.000000
     Faces received         : 200.000000 0.000000 200.000000 200.000000
     Messages sent          : 200.000000 0.000000 200.000000 200.000000
     Bytes sent             : 9216000.000000 0.000000 9216000.000000 9216000.000000
     Faces sent             : 200.000000 0.000000 200.000000 200.000000
     Faces exchanged same   : 0.000000 0.000000 0.000000 0.000000
     Faces exchanged diff   : 0.000000 0.000000 0.000000 0.000000
     Faces with BC applied  : 200.000000 0.000000 200.000000 200.000000

Z direction communication statistics:

                              average    stddev  minimum  maximum
     Total                  : 0.042883 0.001092 0.041051 0.044167
     Post IRecv             : 0.000141 0.000008 0.000130 0.000153
     Pack faces             : 0.002373 0.000077 0.002286 0.002532
     Send messages          : 0.000467 0.000014 0.000448 0.000484
     Exchange same level    : 0.000004 0.000001 0.000003 0.000006
     Exchange diff level    : 0.000000 0.000000 0.000000 0.000000
     Apply BC               : 0.003133 0.000112 0.003014 0.003289
     Wait time              : 0.033423 0.001157 0.031807 0.035124
     Unpack faces           : 0.003296 0.000181 0.003075 0.003623

     Messages received      : 200.000000 0.000000 200.000000 200.000000
     Bytes received         : 9216000.000000 0.000000 9216000.000000 9216000.000000
     Faces received         : 200.000000 0.000000 200.000000 200.000000
     Messages sent          : 200.000000 0.000000 200.000000 200.000000
     Bytes sent             : 9216000.000000 0.000000 9216000.000000 9216000.000000
     Faces sent             : 200.000000 0.000000 200.000000 200.000000
     Faces exchanged same   : 0.000000 0.000000 0.000000 0.000000
     Faces exchanged diff   : 0.000000 0.000000 0.000000 0.000000
     Faces with BC applied  : 200.000000 0.000000 200.000000 200.000000

---------------------------------------------
             Gridsum performance
---------------------------------------------

     Time: ave, stddev, min, max (sec): 1.289429 0.380481 0.797809 1.592937

        red : ave, stddev, min, max (sec): 1.275158 0.380052 0.784152 1.579273

        calc: ave, stddev, min, max (sec): 0.013768 0.000552 0.013155 0.014340

     total number:             8000
     number per timestep:      40

---------------------------------------------
               Mesh Refinement
---------------------------------------------

     Time: ave, stddev, min, max (sec): 0.957594 0.002906 0.956460 0.965283

     Number of refinement steps: 3

     Number of load balance steps: 0

     Number of redistributing steps: 0

     Total blocks           : 1600
     Blocks/timestep ave, min, max : 8.000000 8 8
     Max blocks on a processor at any time: 1
     total blocks split     : 0.000000
     total blocks reformed  : 0.000000

     total blocks moved     : 0.000000
     total moved load bal   : 0.000000
     total moved redistribut: 0.000000
     total moved coasening  : 0.000000
                              average    stddev  minimum  maximum
     Per processor:
     total blocks split     : 0.000000 0.000000 0.000000 0.000000
     total blocks reformed  : 0.000000 0.000000 0.000000 0.000000
     Total blocks moved     : 0.000000 0.000000 0.000000 0.000000
     Blocks moved load bal  : 0.000000 0.000000 0.000000 0.000000
     Blocks moved redistribu: 0.000000 0.000000 0.000000 0.000000
     Blocks moved coarsening: 0.000000 0.000000 0.000000 0.000000
     Time:
        compare objects     : 0.000002 0.000001 0.000001 0.000003
        mark refine/coarsen : 0.930684 0.000114 0.930563 0.930807
        communicate block 1 : 0.001010 0.000033 0.000970 0.001051
        split blocks        : 0.001110 0.000101 0.001041 0.001338
        communicate block 2 : 0.001186 0.000124 0.000924 0.001287
        sync time           : 0.003598 0.002898 0.002485 0.011264
        misc time           : 0.000006 0.000001 0.000004 0.000008
        total coarsen blocks: 0.017870 0.000034 0.017834 0.017904
           coarsen blocks   : 0.017869 0.000034 0.017834 0.017904
           pack blocks      : 0.000000 0.000000 0.000000 0.000000
           move blocks      : 0.000000 0.000000 0.000000 0.000000
           unpack blocks    : 0.000000 0.000000 0.000000 0.000000
        total redistribute  : 0.002125 0.000101 0.002023 0.002227
           choose blocks    : 0.000000 0.000000 0.000000 0.000000
           pack blocks      : 0.000000 0.000000 0.000000 0.000000
           move blocks      : 0.000000 0.000000 0.000000 0.000000
           unpack blocks    : 0.000000 0.000000 0.000000 0.000000
        total load balance  : 0.000000 0.000000 0.000000 0.000000
           sort             : 0.000000 0.000000 0.000000 0.000000
           move dots back   : 0.000000 0.000000 0.000000 0.000000
           move blocks total: 0.000000 0.000000 0.000000 0.000000
              pack blocks   : 0.000000 0.000000 0.000000 0.000000
              move blocks   : 0.000000 0.000000 0.000000 0.000000
              unpack blocks : 0.000000 0.000000 0.000000 0.000000
              misc          : 0.000000 0.000000 0.000000 0.000000

---------------------------------------------
                   Plot
---------------------------------------------

     Time: ave, stddev, min, max (sec): 0.000000 0.000000 0.000000 0.000000

     Number of plot steps: 0

 ================== End report ===================
Summary: ranks 8 ts 10 time 2.958791 calc 0.325069 max comm 0.387994 min red 0.797809 refine 0.957594 blocks/ts 8.000000 max_blocks 1
[mpiexec@csews2] Sending Ctrl-C to processes as requested
[mpiexec@csews2] Press Ctrl-C again to force abort
Ctrl-C caught... cleaning up processes
[mpiexec@csews2] Sending Ctrl-C to processes as requested
[mpiexec@csews2] Press Ctrl-C again to force abort
[mpiexec@csews2] Sending Ctrl-C to processes as requested
[mpiexec@csews2] Press Ctrl-C again to force abort
